#
# A fatal error has been detected by the Java Runtime Environment:
#
#  EXCEPTION_ACCESS_VIOLATION (0xc0000005) at pc=0x00007ff96c3010b8, pid=1728, tid=9832
#
# JRE version: OpenJDK Runtime Environment (17.0.6) (build 17.0.6+0-b2043.56-10027231)
# Java VM: OpenJDK 64-Bit Server VM (17.0.6+0-b2043.56-10027231, mixed mode, tiered, compressed oops, compressed class ptrs, g1 gc, windows-amd64)
# Problematic frame:
# V  [jvm.dll+0x2b10b8]
#
# No core dump will be written. Minidumps are not enabled by default on client versions of Windows
#
# If you would like to submit a bug report, please visit:
#   https://bugreport.java.com/bugreport/crash.jsp
#

---------------  S U M M A R Y ------------

Command Line: --add-opens=java.base/java.util=ALL-UNNAMED --add-opens=java.base/java.lang=ALL-UNNAMED --add-opens=java.base/java.lang.invoke=ALL-UNNAMED --add-opens=java.prefs/java.util.prefs=ALL-UNNAMED --add-opens=java.base/java.nio.charset=ALL-UNNAMED --add-opens=java.base/java.net=ALL-UNNAMED --add-opens=java.base/java.util.concurrent.atomic=ALL-UNNAMED -Xmx2048m -Dfile.encoding=UTF-8 -Duser.country=PL -Duser.language=pl -Duser.variant org.gradle.launcher.daemon.bootstrap.GradleDaemon 8.0

Host: Intel(R) Core(TM) i5 CPU         650  @ 3.20GHz, 4 cores, 7G,  Windows 11 , 64 bit Build 22621 (10.0.22621.2215)
Time: Tue Sep 19 13:48:45 2023  Windows 11 , 64 bit Build 22621 (10.0.22621.2215) elapsed time: 31.138035 seconds (0d 0h 0m 31s)

---------------  T H R E A D  ---------------

Current thread (0x000002490953c610):  JavaThread "C2 CompilerThread1" daemon [_thread_in_native, id=9832, stack(0x000000f907700000,0x000000f907800000)]


Current CompileTask:
C2:  31138 11847       4       com.android.utils.XmlUtils::append (597 bytes)

Stack: [0x000000f907700000,0x000000f907800000],  sp=0x000000f9077fa7a0,  free space=1001k
Native frames: (J=compiled Java code, j=interpreted, Vv=VM code, C=native code)
V  [jvm.dll+0x2b10b8]
V  [jvm.dll+0x58a267]
V  [jvm.dll+0x2243b2]
V  [jvm.dll+0x22478f]
V  [jvm.dll+0x21e055]
V  [jvm.dll+0x21b51b]
V  [jvm.dll+0x1a4fdd]
V  [jvm.dll+0x22b098]
V  [jvm.dll+0x229159]
V  [jvm.dll+0x7f81ec]
V  [jvm.dll+0x7f274a]
V  [jvm.dll+0x682ad5]
C  [ucrtbase.dll+0x29363]
C  [KERNEL32.DLL+0x1257d]
C  [ntdll.dll+0x5aa68]


siginfo: EXCEPTION_ACCESS_VIOLATION (0xc0000005), reading address 0xffffffffffffffff


Register to memory mapping:

RIP=0x00007ff96c3010b8 jvm.dll
RAX=0x0000024910772f80 points into unknown readable memory: 0xf025c80000000005 | 05 00 00 00 00 c8 25 f0
RBX=0x0000000000000020 is an unknown value
RCX=0x0200300000000002 is an unknown value
RDX=0x000002491079cc90 points into unknown readable memory: 0x000002491079cc30 | 30 cc 79 10 49 02 00 00
RSP=0x000000f9077fa7a0 is pointing into the stack for thread: 0x000002490953c610
RBP=0x0000024910772fc0 points into unknown readable memory: 0x0000000000000000 | 00 00 00 00 00 00 00 00
RSI=0x000000f9077fabe0 is pointing into the stack for thread: 0x000002490953c610
RDI=0x0000000000000005 is an unknown value
R8 =0x000002491079ccd0 points into unknown readable memory: 0x000002490be21078 | 78 10 e2 0b 49 02 00 00
R9 =0x000002491079d4a0 points into unknown readable memory: 0x000002490b4d9610 | 10 96 4d 0b 49 02 00 00
R10=0x000000000000002a is an unknown value
R11=0x000002491079ccc0 points into unknown readable memory: 0x0000000000000000 | 00 00 00 00 00 00 00 00
R12=0x000002491079ccd0 points into unknown readable memory: 0x000002490be21078 | 78 10 e2 0b 49 02 00 00
R13=0x0 is NULL
R14=0x000002490fff3020 points into unknown readable memory: 0xffffffff00000001 | 01 00 00 00 ff ff ff ff
R15=0x000002490be21078 points into unknown readable memory: 0x00007ff96ca12bc8 | c8 2b a1 6c f9 7f 00 00


Registers:
RAX=0x0000024910772f80, RBX=0x0000000000000020, RCX=0x0200300000000002, RDX=0x000002491079cc90
RSP=0x000000f9077fa7a0, RBP=0x0000024910772fc0, RSI=0x000000f9077fabe0, RDI=0x0000000000000005
R8 =0x000002491079ccd0, R9 =0x000002491079d4a0, R10=0x000000000000002a, R11=0x000002491079ccc0
R12=0x000002491079ccd0, R13=0x0000000000000000, R14=0x000002490fff3020, R15=0x000002490be21078
RIP=0x00007ff96c3010b8, EFLAGS=0x0000000000010212

Top of Stack: (sp=0x000000f9077fa7a0)
0x000000f9077fa7a0:   0000024910772fc0 000000f9077fa7f0
0x000000f9077fa7b0:   000000f9077fabe0 000002490fff3020
0x000000f9077fa7c0:   000002490fff3020 000002490a9edfe0
0x000000f9077fa7d0:   0000024909582fa0 00000000000ff9e8
0x000000f9077fa7e0:   000002490958ec40 000002490958ec40
0x000000f9077fa7f0:   0000000000000200 000002490be685f0
0x000000f9077fa800:   0000000000000200 000002490a9edfe0
0x000000f9077fa810:   00000000128c2c34 0000000000000000
0x000000f9077fa820:   0000000000000000 0000000000070200
0x000000f9077fa830:   000002496a4ee960 0000000000000000
0x000000f9077fa840:   0000024907455780 000000f9077fa960
0x000000f9077fa850:   000000f9077fabe0 00007ff96c5da267
0x000000f9077fa860:   000000f9077fabe0 000000f900000c2e
0x000000f9077fa870:   0000024910772fc0 000000000000085c
0x000000f9077fa880:   000002496a210000 000002496a210000
0x000000f9077fa890:   0000000000020010 0000000000000000 

Instructions: (pc=0x00007ff96c3010b8)
0x00007ff96c300fb8:   94 24 d8 00 00 00 66 90 4d 8b 3c 24 41 8b fd 41
0x00007ff96c300fc8:   83 7f 18 00 0f 86 b5 00 00 00 8b c7 48 8d 1c c5
0x00007ff96c300fd8:   00 00 00 00 49 8b 47 08 48 8b 0c 03 48 85 c9 0f
0x00007ff96c300fe8:   84 8e 00 00 00 48 8b 01 ff 50 10 84 c0 0f 84 80
0x00007ff96c300ff8:   00 00 00 49 8b 47 08 48 8b 0c 03 8b 41 28 41 8b
0x00007ff96c301008:   0c 86 83 f9 ff 74 6c 48 8d 1c 89 48 c1 e3 04 48
0x00007ff96c301018:   03 dd 48 8b 4b 20 48 85 c9 75 06 48 8b 4b 18 eb
0x00007ff96c301028:   43 48 83 79 20 00 74 2a e8 2b fb ff ff 4c 8b 43
0x00007ff96c301038:   20 48 8b 53 18 49 8b 48 18 8b 42 08 39 41 08 73
0x00007ff96c301048:   07 48 89 4b 18 48 8b d1 49 8b 48 20 48 89 4b 20
0x00007ff96c301058:   eb 04 48 8b 53 18 48 8b 49 18 8b 42 08 39 41 08
0x00007ff96c301068:   48 0f 43 ca 8b 41 08 41 3b 44 24 08 73 05 41 89
0x00007ff96c301078:   44 24 08 ff c7 41 3b 7f 18 0f 82 4b ff ff ff 41
0x00007ff96c301088:   8b 44 24 08 4d 8b c4 48 8d 0c 80 48 03 c9 48 8b
0x00007ff96c301098:   44 cd 38 49 89 44 24 38 4c 89 64 cd 38 49 8b 44
0x00007ff96c3010a8:   24 28 49 8b 54 24 18 4d 8b 5c 24 10 48 8b 48 18
0x00007ff96c3010b8:   8b 41 08 39 42 08 73 52 4d 8b 48 28 45 8b 50 0c
0x00007ff96c3010c8:   49 8b 41 28 8b 50 0c 41 8b 41 0c 41 03 d2 03 c0
0x00007ff96c3010d8:   3b d0 72 12 4d 89 41 20 49 8b 40 28 48 8b 48 28
0x00007ff96c3010e8:   49 89 48 28 eb 0f 45 89 51 0c 49 8b 40 28 49 89
0x00007ff96c3010f8:   40 20 4c 8b c0 49 8b 40 28 49 8b 54 24 18 48 8b
0x00007ff96c301108:   48 18 8b 41 08 39 42 08 72 ae 49 89 50 18 41 8b
0x00007ff96c301118:   44 24 0c 41 01 43 0c 41 8b 44 24 0c 03 c0 41 39
0x00007ff96c301128:   43 0c 73 0b 49 8b c0 4d 8b 43 28 49 89 43 28 4c
0x00007ff96c301138:   3b c5 74 11 0f 1f 40 00 4d 89 58 20 4d 8b 40 28
0x00007ff96c301148:   4c 3b c5 75 f3 49 8b 44 24 10 48 8b 58 38 48 85
0x00007ff96c301158:   db 74 71 0f 1f 44 00 00 48 8b 4b 20 48 85 c9 75
0x00007ff96c301168:   06 48 8b 4b 18 eb 43 48 83 79 20 00 74 2a e8 e5
0x00007ff96c301178:   f9 ff ff 4c 8b 43 20 48 8b 53 18 49 8b 48 18 8b
0x00007ff96c301188:   42 08 39 41 08 73 07 48 89 4b 18 48 8b d1 49 8b
0x00007ff96c301198:   48 20 48 89 4b 20 eb 04 48 8b 53 18 48 8b 49 18
0x00007ff96c3011a8:   8b 42 08 39 41 08 48 0f 43 ca 8b 43 08 39 41 08 


Stack slot to memory mapping:
stack at sp + 0 slots: 0x0000024910772fc0 points into unknown readable memory: 0x0000000000000000 | 00 00 00 00 00 00 00 00
stack at sp + 1 slots: 0x000000f9077fa7f0 is pointing into the stack for thread: 0x000002490953c610
stack at sp + 2 slots: 0x000000f9077fabe0 is pointing into the stack for thread: 0x000002490953c610
stack at sp + 3 slots: 0x000002490fff3020 points into unknown readable memory: 0xffffffff00000001 | 01 00 00 00 ff ff ff ff
stack at sp + 4 slots: 0x000002490fff3020 points into unknown readable memory: 0xffffffff00000001 | 01 00 00 00 ff ff ff ff
stack at sp + 5 slots: 0x000002490a9edfe0 points into unknown readable memory: 0x6361706100000006 | 06 00 00 00 61 70 61 63
stack at sp + 6 slots: 0x0000024909582fa0 points into unknown readable memory: 0x0000024910772fb0 | b0 2f 77 10 49 02 00 00
stack at sp + 7 slots: 0x00000000000ff9e8 is an unknown value


---------------  P R O C E S S  ---------------

Threads class SMR info:
_java_thread_list=0x000002490e16cba0, length=90, elements={
0x000002496a4d7cb0, 0x000002497fa206d0, 0x000002497fa21150, 0x000002497fb9caa0,
0x000002497fb9d520, 0x000002497fb9dbe0, 0x000002497fbbf590, 0x000002497fbc3da0,
0x000002497fbc42b0, 0x000002497fbc48b0, 0x000002497fd44410, 0x000002497fd48900,
0x0000024908d46af0, 0x0000024907eee010, 0x0000024907bb76f0, 0x00000249076bbc70,
0x00000249076a8360, 0x0000024907240aa0, 0x0000024907240100, 0x00000249072405d0,
0x000002490723da80, 0x000002490723e8f0, 0x000002490723f290, 0x000002490723d0e0,
0x000002490723df50, 0x000002490723d5b0, 0x000002490723e420, 0x000002490723edc0,
0x000002490723f760, 0x000002490723fc30, 0x0000024909525580, 0x0000024909525a50,
0x00000249095203b0, 0x000002490951fa10, 0x00000249095263f0, 0x0000024909524710,
0x0000024909524240, 0x0000024909520d50, 0x0000024909521220, 0x0000024909522f00,
0x0000024909522a30, 0x00000249095233d0, 0x0000024909523d70, 0x0000024909524be0,
0x000002490749b800, 0x00000249074a0500, 0x00000249074a1370, 0x000002490749c1a0,
0x000002490749de80, 0x000002490749bcd0, 0x00000249074a09d0, 0x000002490749c670,
0x00000249074a1840, 0x000002490749cb40, 0x000002490749f1c0, 0x00000249074a0030,
0x000002490749ae60, 0x00000249074a0ea0, 0x00000249074a1d10, 0x00000249074a21e0,
0x000002490749fb60, 0x000002490749e350, 0x000002490749a990, 0x000002490749d4e0,
0x000002490749b330, 0x000002490749d010, 0x000002490749d9b0, 0x000002490749e820,
0x000002490749ecf0, 0x000002490749f690, 0x0000024908a0f550, 0x0000024908a0f080,
0x0000024908a0c530, 0x0000024908a0b6c0, 0x0000024908a08b70, 0x0000024908a09040,
0x0000024908a0fa20, 0x0000024908a0ca00, 0x0000024908a0dd40, 0x0000024908a09eb0,
0x0000024908a086a0, 0x0000024908a0ced0, 0x0000024908a099e0, 0x0000024908a0bb90,
0x0000024908a0ebb0, 0x0000024907b39c00, 0x0000024907b3a0d0, 0x0000024907b388c0,
0x0000024907b3af40, 0x000002490953c610
}

Java Threads: ( => current thread )
  0x000002496a4d7cb0 JavaThread "main" [_thread_blocked, id=7132, stack(0x000000f904b00000,0x000000f904c00000)]
  0x000002497fa206d0 JavaThread "Reference Handler" daemon [_thread_blocked, id=8508, stack(0x000000f905200000,0x000000f905300000)]
  0x000002497fa21150 JavaThread "Finalizer" daemon [_thread_blocked, id=6380, stack(0x000000f905300000,0x000000f905400000)]
  0x000002497fb9caa0 JavaThread "Signal Dispatcher" daemon [_thread_blocked, id=9464, stack(0x000000f905400000,0x000000f905500000)]
  0x000002497fb9d520 JavaThread "Attach Listener" daemon [_thread_blocked, id=2296, stack(0x000000f905500000,0x000000f905600000)]
  0x000002497fb9dbe0 JavaThread "Service Thread" daemon [_thread_blocked, id=9852, stack(0x000000f905600000,0x000000f905700000)]
  0x000002497fbbf590 JavaThread "Monitor Deflation Thread" daemon [_thread_blocked, id=7336, stack(0x000000f905700000,0x000000f905800000)]
  0x000002497fbc3da0 JavaThread "C2 CompilerThread0" daemon [_thread_in_native, id=2416, stack(0x000000f905800000,0x000000f905900000)]
  0x000002497fbc42b0 JavaThread "C1 CompilerThread0" daemon [_thread_in_vm, id=9764, stack(0x000000f905900000,0x000000f905a00000)]
  0x000002497fbc48b0 JavaThread "Sweeper thread" daemon [_thread_blocked, id=8948, stack(0x000000f905a00000,0x000000f905b00000)]
  0x000002497fd44410 JavaThread "Common-Cleaner" daemon [_thread_blocked, id=1812, stack(0x000000f905b00000,0x000000f905c00000)]
  0x000002497fd48900 JavaThread "Notification Thread" daemon [_thread_blocked, id=3564, stack(0x000000f905c00000,0x000000f905d00000)]
  0x0000024908d46af0 JavaThread "Daemon health stats" [_thread_blocked, id=4244, stack(0x000000f906200000,0x000000f906300000)]
  0x0000024907eee010 JavaThread "Incoming local TCP Connector on port 50640" [_thread_in_native, id=6988, stack(0x000000f905e00000,0x000000f905f00000)]
  0x0000024907bb76f0 JavaThread "Daemon periodic checks" [_thread_blocked, id=4140, stack(0x000000f906300000,0x000000f906400000)]
  0x00000249076bbc70 JavaThread "Daemon" [_thread_blocked, id=1128, stack(0x000000f906400000,0x000000f906500000)]
  0x00000249076a8360 JavaThread "Handler for socket connection from /127.0.0.1:50640 to /127.0.0.1:50641" [_thread_in_native, id=2232, stack(0x000000f906500000,0x000000f906600000)]
  0x0000024907240aa0 JavaThread "Cancel handler" [_thread_blocked, id=6120, stack(0x000000f906600000,0x000000f906700000)]
  0x0000024907240100 JavaThread "Daemon worker" [_thread_blocked, id=9548, stack(0x000000f906700000,0x000000f906800000)]
  0x00000249072405d0 JavaThread "Asynchronous log dispatcher for DefaultDaemonConnection: socket connection from /127.0.0.1:50640 to /127.0.0.1:50641" [_thread_blocked, id=4364, stack(0x000000f906800000,0x000000f906900000)]
  0x000002490723da80 JavaThread "Stdin handler" [_thread_blocked, id=6000, stack(0x000000f906900000,0x000000f906a00000)]
  0x000002490723e8f0 JavaThread "Daemon client event forwarder" [_thread_blocked, id=720, stack(0x000000f906a00000,0x000000f906b00000)]
  0x000002490723f290 JavaThread "Cache worker for journal cache (C:\Users\sodel.oskar\.gradle\caches\journal-1)" [_thread_blocked, id=9688, stack(0x000000f906b00000,0x000000f906c00000)]
  0x000002490723d0e0 JavaThread "File lock request listener" [_thread_in_native, id=7052, stack(0x000000f906c00000,0x000000f906d00000)]
  0x000002490723df50 JavaThread "Cache worker for file hash cache (C:\Users\sodel.oskar\.gradle\caches\8.0\fileHashes)" [_thread_blocked, id=7640, stack(0x000000f906e00000,0x000000f906f00000)]
  0x000002490723d5b0 JavaThread "File watcher server" daemon [_thread_in_native, id=3204, stack(0x000000f906f00000,0x000000f907000000)]
  0x000002490723e420 JavaThread "File watcher consumer" daemon [_thread_blocked, id=4392, stack(0x000000f907000000,0x000000f907100000)]
  0x000002490723edc0 JavaThread "Cache worker for checksums cache (C:\Users\sodel.oskar\AndroidStudioProjects\clicker\.gradle\8.0\checksums)" [_thread_blocked, id=9612, stack(0x000000f907100000,0x000000f907200000)]
  0x000002490723f760 JavaThread "Cache worker for cache directory md-rule (C:\Users\sodel.oskar\.gradle\caches\8.0\md-rule)" [_thread_blocked, id=7340, stack(0x000000f907200000,0x000000f907300000)]
  0x000002490723fc30 JavaThread "Cache worker for file content cache (C:\Users\sodel.oskar\.gradle\caches\8.0\fileContent)" [_thread_blocked, id=6032, stack(0x000000f907300000,0x000000f907400000)]
  0x0000024909525580 JavaThread "Cache worker for file hash cache (C:\Users\sodel.oskar\AndroidStudioProjects\clicker\.gradle\8.0\fileHashes)" [_thread_blocked, id=2008, stack(0x000000f906d00000,0x000000f906e00000)]
  0x0000024909525a50 JavaThread "Cache worker for cache directory md-supplier (C:\Users\sodel.oskar\.gradle\caches\8.0\md-supplier)" [_thread_blocked, id=7180, stack(0x000000f907400000,0x000000f907500000)]
  0x00000249095203b0 JavaThread "Cache worker for execution history cache (C:\Users\sodel.oskar\.gradle\caches\8.0\executionHistory)" [_thread_blocked, id=10128, stack(0x000000f907500000,0x000000f907600000)]
  0x000002490951fa10 JavaThread "jar transforms" [_thread_blocked, id=7236, stack(0x000000f907600000,0x000000f907700000)]
  0x00000249095263f0 JavaThread "jar transforms Thread 2" [_thread_blocked, id=1300, stack(0x000000f907800000,0x000000f907900000)]
  0x0000024909524710 JavaThread "Cache worker for kotlin-dsl (C:\Users\sodel.oskar\.gradle\caches\8.0\kotlin-dsl)" [_thread_blocked, id=7136, stack(0x000000f907900000,0x000000f907a00000)]
  0x0000024909524240 JavaThread "jar transforms Thread 3" [_thread_blocked, id=8572, stack(0x000000f907a00000,0x000000f907b00000)]
  0x0000024909520d50 JavaThread "jar transforms Thread 4" [_thread_blocked, id=5840, stack(0x000000f907b00000,0x000000f907c00000)]
  0x0000024909521220 JavaThread "Cache worker for dependencies-accessors (C:\Users\sodel.oskar\AndroidStudioProjects\clicker\.gradle\8.0\dependencies-accessors)" [_thread_blocked, id=5708, stack(0x000000f907c00000,0x000000f907d00000)]
  0x0000024909522f00 JavaThread "Cache worker for Build Output Cleanup Cache (C:\Users\sodel.oskar\AndroidStudioProjects\clicker\.gradle\buildOutputCleanup)" [_thread_blocked, id=10224, stack(0x000000f907d00000,0x000000f907e00000)]
  0x0000024909522a30 JavaThread "Unconstrained build operations" [_thread_blocked, id=5284, stack(0x000000f907f00000,0x000000f908000000)]
  0x00000249095233d0 JavaThread "Unconstrained build operations Thread 2" [_thread_blocked, id=4616, stack(0x000000f908000000,0x000000f908100000)]
  0x0000024909523d70 JavaThread "Unconstrained build operations Thread 3" [_thread_blocked, id=872, stack(0x000000f908100000,0x000000f908200000)]
  0x0000024909524be0 JavaThread "Unconstrained build operations Thread 4" [_thread_blocked, id=8216, stack(0x000000f908200000,0x000000f908300000)]
  0x000002490749b800 JavaThread "Unconstrained build operations Thread 5" [_thread_blocked, id=4412, stack(0x000000f908300000,0x000000f908400000)]
  0x00000249074a0500 JavaThread "Unconstrained build operations Thread 6" [_thread_blocked, id=9376, stack(0x000000f908400000,0x000000f908500000)]
  0x00000249074a1370 JavaThread "Unconstrained build operations Thread 7" [_thread_blocked, id=6896, stack(0x000000f908500000,0x000000f908600000)]
  0x000002490749c1a0 JavaThread "Unconstrained build operations Thread 8" [_thread_blocked, id=9068, stack(0x000000f908600000,0x000000f908700000)]
  0x000002490749de80 JavaThread "Unconstrained build operations Thread 9" [_thread_blocked, id=1796, stack(0x000000f908700000,0x000000f908800000)]
  0x000002490749bcd0 JavaThread "Unconstrained build operations Thread 10" [_thread_blocked, id=6476, stack(0x000000f908800000,0x000000f908900000)]
  0x00000249074a09d0 JavaThread "Unconstrained build operations Thread 11" [_thread_blocked, id=5544, stack(0x000000f908900000,0x000000f908a00000)]
  0x000002490749c670 JavaThread "Unconstrained build operations Thread 12" [_thread_blocked, id=1208, stack(0x000000f908a00000,0x000000f908b00000)]
  0x00000249074a1840 JavaThread "Unconstrained build operations Thread 13" [_thread_blocked, id=3148, stack(0x000000f908b00000,0x000000f908c00000)]
  0x000002490749cb40 JavaThread "Unconstrained build operations Thread 14" [_thread_blocked, id=6892, stack(0x000000f908c00000,0x000000f908d00000)]
  0x000002490749f1c0 JavaThread "Unconstrained build operations Thread 15" [_thread_blocked, id=1620, stack(0x000000f908d00000,0x000000f908e00000)]
  0x00000249074a0030 JavaThread "Unconstrained build operations Thread 16" [_thread_blocked, id=8876, stack(0x000000f908e00000,0x000000f908f00000)]
  0x000002490749ae60 JavaThread "Unconstrained build operations Thread 17" [_thread_blocked, id=9584, stack(0x000000f908f00000,0x000000f909000000)]
  0x00000249074a0ea0 JavaThread "Unconstrained build operations Thread 18" [_thread_blocked, id=5692, stack(0x000000f909000000,0x000000f909100000)]
  0x00000249074a1d10 JavaThread "Unconstrained build operations Thread 19" [_thread_blocked, id=5180, stack(0x000000f909100000,0x000000f909200000)]
  0x00000249074a21e0 JavaThread "Unconstrained build operations Thread 20" [_thread_blocked, id=8116, stack(0x000000f909200000,0x000000f909300000)]
  0x000002490749fb60 JavaThread "Unconstrained build operations Thread 21" [_thread_blocked, id=10036, stack(0x000000f909300000,0x000000f909400000)]
  0x000002490749e350 JavaThread "Unconstrained build operations Thread 22" [_thread_blocked, id=9660, stack(0x000000f909400000,0x000000f909500000)]
  0x000002490749a990 JavaThread "Unconstrained build operations Thread 23" [_thread_blocked, id=2228, stack(0x000000f909500000,0x000000f909600000)]
  0x000002490749d4e0 JavaThread "Unconstrained build operations Thread 24" [_thread_blocked, id=1500, stack(0x000000f909600000,0x000000f909700000)]
  0x000002490749b330 JavaThread "Unconstrained build operations Thread 25" [_thread_blocked, id=5412, stack(0x000000f909700000,0x000000f909800000)]
  0x000002490749d010 JavaThread "Unconstrained build operations Thread 26" [_thread_blocked, id=9484, stack(0x000000f909800000,0x000000f909900000)]
  0x000002490749d9b0 JavaThread "Unconstrained build operations Thread 27" [_thread_blocked, id=8072, stack(0x000000f909900000,0x000000f909a00000)]
  0x000002490749e820 JavaThread "Unconstrained build operations Thread 28" [_thread_blocked, id=2496, stack(0x000000f909a00000,0x000000f909b00000)]
  0x000002490749ecf0 JavaThread "Unconstrained build operations Thread 29" [_thread_blocked, id=2504, stack(0x000000f909b00000,0x000000f909c00000)]
  0x000002490749f690 JavaThread "Unconstrained build operations Thread 30" [_thread_blocked, id=1732, stack(0x000000f909c00000,0x000000f909d00000)]
  0x0000024908a0f550 JavaThread "Unconstrained build operations Thread 31" [_thread_blocked, id=7316, stack(0x000000f909d00000,0x000000f909e00000)]
  0x0000024908a0f080 JavaThread "Unconstrained build operations Thread 32" [_thread_blocked, id=7032, stack(0x000000f909e00000,0x000000f909f00000)]
  0x0000024908a0c530 JavaThread "Unconstrained build operations Thread 33" [_thread_blocked, id=8280, stack(0x000000f909f00000,0x000000f90a000000)]
  0x0000024908a0b6c0 JavaThread "Unconstrained build operations Thread 34" [_thread_blocked, id=8296, stack(0x000000f90a000000,0x000000f90a100000)]
  0x0000024908a08b70 JavaThread "Unconstrained build operations Thread 35" [_thread_blocked, id=9504, stack(0x000000f90a100000,0x000000f90a200000)]
  0x0000024908a09040 JavaThread "Unconstrained build operations Thread 36" [_thread_blocked, id=6824, stack(0x000000f90a200000,0x000000f90a300000)]
  0x0000024908a0fa20 JavaThread "Unconstrained build operations Thread 37" [_thread_blocked, id=556, stack(0x000000f90a300000,0x000000f90a400000)]
  0x0000024908a0ca00 JavaThread "Unconstrained build operations Thread 38" [_thread_blocked, id=4708, stack(0x000000f90a400000,0x000000f90a500000)]
  0x0000024908a0dd40 JavaThread "Unconstrained build operations Thread 39" [_thread_blocked, id=6544, stack(0x000000f90a500000,0x000000f90a600000)]
  0x0000024908a09eb0 JavaThread "Unconstrained build operations Thread 40" [_thread_blocked, id=2980, stack(0x000000f90a600000,0x000000f90a700000)]
  0x0000024908a086a0 JavaThread "build event listener" [_thread_blocked, id=5888, stack(0x000000f90a700000,0x000000f90a800000)]
  0x0000024908a0ced0 JavaThread "Memory manager" [_thread_blocked, id=3468, stack(0x000000f90a800000,0x000000f90a900000)]
  0x0000024908a099e0 JavaThread "included builds" [_thread_in_native, id=7484, stack(0x000000f90a900000,0x000000f90aa00000)]
  0x0000024908a0bb90 JavaThread "Execution worker" [_thread_blocked, id=1636, stack(0x000000f90aa00000,0x000000f90ab00000)]
  0x0000024908a0ebb0 JavaThread "Execution worker Thread 2" [_thread_blocked, id=9148, stack(0x000000f90ab00000,0x000000f90ac00000)]
  0x0000024907b39c00 JavaThread "Execution worker Thread 3" [_thread_blocked, id=3792, stack(0x000000f90ac00000,0x000000f90ad00000)]
  0x0000024907b3a0d0 JavaThread "Cache worker for execution history cache (C:\Users\sodel.oskar\AndroidStudioProjects\clicker\.gradle\8.0\executionHistory)" [_thread_blocked, id=5168, stack(0x000000f90ad00000,0x000000f90ae00000)]
  0x0000024907b388c0 JavaThread "WorkerExecutor Queue" [_thread_blocked, id=8548, stack(0x000000f90ae00000,0x000000f90af00000)]
  0x0000024907b3af40 JavaThread "WorkerExecutor Queue Thread 2" [_thread_blocked, id=4144, stack(0x000000f90af00000,0x000000f90b000000)]
=>0x000002490953c610 JavaThread "C2 CompilerThread1" daemon [_thread_in_native, id=9832, stack(0x000000f907700000,0x000000f907800000)]

Other Threads:
  0x000002497f9d3aa0 VMThread "VM Thread" [stack: 0x000000f905100000,0x000000f905200000] [id=3368]
  0x000002497fd4ade0 WatcherThread [stack: 0x000000f905d00000,0x000000f905e00000] [id=7244]
  0x000002496a5320b0 GCTaskThread "GC Thread#0" [stack: 0x000000f904c00000,0x000000f904d00000] [id=9752]
  0x000002490703af20 GCTaskThread "GC Thread#1" [stack: 0x000000f905f00000,0x000000f906000000] [id=8880]
  0x0000024906e81a60 GCTaskThread "GC Thread#2" [stack: 0x000000f906000000,0x000000f906100000] [id=9076]
  0x0000024907772ab0 GCTaskThread "GC Thread#3" [stack: 0x000000f906100000,0x000000f906200000] [id=2132]
  0x000002496a542ff0 ConcurrentGCThread "G1 Main Marker" [stack: 0x000000f904d00000,0x000000f904e00000] [id=9424]
  0x000002496a543a00 ConcurrentGCThread "G1 Conc#0" [stack: 0x000000f904e00000,0x000000f904f00000] [id=7608]
  0x000002497f8804a0 ConcurrentGCThread "G1 Refine#0" [stack: 0x000000f904f00000,0x000000f905000000] [id=8660]
  0x000002497f882ae0 ConcurrentGCThread "G1 Service" [stack: 0x000000f905000000,0x000000f905100000] [id=3592]

Threads with active compile tasks:
C2 CompilerThread0    31250 11925       4       org.gradle.internal.file.FileHierarchySet$Node::contains (101 bytes)
C2 CompilerThread1    31250 11847       4       com.android.utils.XmlUtils::append (597 bytes)

VM state: not at safepoint (normal execution)

VM Mutex/Monitor currently owned by a thread: None

Heap address: 0x0000000080000000, size: 2048 MB, Compressed Oops mode: 32-bit

CDS archive(s) not mapped
Compressed class space mapped at: 0x0000000100000000-0x0000000140000000, reserved size: 1073741824
Narrow klass base: 0x0000000000000000, Narrow klass shift: 3, Narrow klass range: 0x140000000

GC Precious Log:
 CPUs: 4 total, 4 available
 Memory: 7989M
 Large Page Support: Disabled
 NUMA Support: Disabled
 Compressed Oops: Enabled (32-bit)
 Heap Region Size: 1M
 Heap Min Capacity: 8M
 Heap Initial Capacity: 126M
 Heap Max Capacity: 2G
 Pre-touch: Disabled
 Parallel Workers: 4
 Concurrent Workers: 1
 Concurrent Refinement Workers: 4
 Periodic GC: Disabled

Heap:
 garbage-first heap   total 196608K, used 136086K [0x0000000080000000, 0x0000000100000000)
  region size 1024K, 29 young (29696K), 6 survivors (6144K)
 Metaspace       used 101647K, committed 102400K, reserved 1138688K
  class space    used 13682K, committed 14080K, reserved 1048576K

Heap Regions: E=young(eden), S=young(survivor), O=old, HS=humongous(starts), HC=humongous(continues), CS=collection set, F=free, OA=open archive, CA=closed archive, TAMS=top-at-mark-start (previous, next)
|   0|0x0000000080000000, 0x0000000080100000, 0x0000000080100000|100%| O|  |TAMS 0x0000000080100000, 0x0000000080000000| Untracked 
|   1|0x0000000080100000, 0x0000000080200000, 0x0000000080200000|100%| O|  |TAMS 0x0000000080200000, 0x0000000080100000| Untracked 
|   2|0x0000000080200000, 0x0000000080300000, 0x0000000080300000|100%|HS|  |TAMS 0x0000000080300000, 0x0000000080200000| Complete 
|   3|0x0000000080300000, 0x0000000080400000, 0x0000000080400000|100%|HC|  |TAMS 0x0000000080400000, 0x0000000080300000| Complete 
|   4|0x0000000080400000, 0x0000000080500000, 0x0000000080500000|100%|HC|  |TAMS 0x0000000080500000, 0x0000000080400000| Complete 
|   5|0x0000000080500000, 0x0000000080600000, 0x0000000080600000|100%|HC|  |TAMS 0x0000000080600000, 0x0000000080500000| Complete 
|   6|0x0000000080600000, 0x0000000080700000, 0x0000000080700000|100%| O|  |TAMS 0x0000000080700000, 0x0000000080600000| Untracked 
|   7|0x0000000080700000, 0x0000000080800000, 0x0000000080800000|100%| O|  |TAMS 0x0000000080800000, 0x0000000080700000| Untracked 
|   8|0x0000000080800000, 0x0000000080900000, 0x0000000080900000|100%| O|  |TAMS 0x0000000080900000, 0x0000000080800000| Untracked 
|   9|0x0000000080900000, 0x0000000080a00000, 0x0000000080a00000|100%| O|  |TAMS 0x0000000080a00000, 0x0000000080900000| Untracked 
|  10|0x0000000080a00000, 0x0000000080b00000, 0x0000000080b00000|100%| O|  |TAMS 0x0000000080b00000, 0x0000000080a00000| Untracked 
|  11|0x0000000080b00000, 0x0000000080c00000, 0x0000000080c00000|100%| O|  |TAMS 0x0000000080c00000, 0x0000000080b00000| Untracked 
|  12|0x0000000080c00000, 0x0000000080d00000, 0x0000000080d00000|100%| O|  |TAMS 0x0000000080d00000, 0x0000000080c00000| Untracked 
|  13|0x0000000080d00000, 0x0000000080e00000, 0x0000000080e00000|100%| O|  |TAMS 0x0000000080e00000, 0x0000000080d00000| Untracked 
|  14|0x0000000080e00000, 0x0000000080f00000, 0x0000000080f00000|100%| O|  |TAMS 0x0000000080f00000, 0x0000000080e00000| Untracked 
|  15|0x0000000080f00000, 0x0000000081000000, 0x0000000081000000|100%| O|  |TAMS 0x0000000081000000, 0x0000000080f00000| Untracked 
|  16|0x0000000081000000, 0x0000000081100000, 0x0000000081100000|100%| O|  |TAMS 0x0000000081100000, 0x0000000081000000| Untracked 
|  17|0x0000000081100000, 0x0000000081200000, 0x0000000081200000|100%| O|  |TAMS 0x0000000081200000, 0x0000000081100000| Untracked 
|  18|0x0000000081200000, 0x0000000081300000, 0x0000000081300000|100%| O|  |TAMS 0x0000000081300000, 0x0000000081200000| Untracked 
|  19|0x0000000081300000, 0x0000000081400000, 0x0000000081400000|100%| O|  |TAMS 0x0000000081400000, 0x0000000081300000| Untracked 
|  20|0x0000000081400000, 0x0000000081500000, 0x0000000081500000|100%| O|  |TAMS 0x0000000081500000, 0x0000000081400000| Untracked 
|  21|0x0000000081500000, 0x0000000081600000, 0x0000000081600000|100%| O|  |TAMS 0x0000000081600000, 0x0000000081500000| Untracked 
|  22|0x0000000081600000, 0x0000000081700000, 0x0000000081700000|100%| O|  |TAMS 0x0000000081700000, 0x0000000081600000| Untracked 
|  23|0x0000000081700000, 0x0000000081800000, 0x0000000081800000|100%| O|  |TAMS 0x0000000081800000, 0x0000000081700000| Untracked 
|  24|0x0000000081800000, 0x0000000081900000, 0x0000000081900000|100%| O|  |TAMS 0x0000000081900000, 0x0000000081800000| Untracked 
|  25|0x0000000081900000, 0x0000000081a00000, 0x0000000081a00000|100%| O|  |TAMS 0x0000000081a00000, 0x0000000081900000| Untracked 
|  26|0x0000000081a00000, 0x0000000081b00000, 0x0000000081b00000|100%| O|  |TAMS 0x0000000081b00000, 0x0000000081a00000| Untracked 
|  27|0x0000000081b00000, 0x0000000081c00000, 0x0000000081c00000|100%| O|  |TAMS 0x0000000081c00000, 0x0000000081b00000| Untracked 
|  28|0x0000000081c00000, 0x0000000081d00000, 0x0000000081d00000|100%| O|  |TAMS 0x0000000081d00000, 0x0000000081c00000| Untracked 
|  29|0x0000000081d00000, 0x0000000081e00000, 0x0000000081e00000|100%| O|  |TAMS 0x0000000081e00000, 0x0000000081d00000| Untracked 
|  30|0x0000000081e00000, 0x0000000081f00000, 0x0000000081f00000|100%| O|  |TAMS 0x0000000081f00000, 0x0000000081e00000| Untracked 
|  31|0x0000000081f00000, 0x0000000082000000, 0x0000000082000000|100%| O|  |TAMS 0x0000000082000000, 0x0000000081f00000| Untracked 
|  32|0x0000000082000000, 0x0000000082100000, 0x0000000082100000|100%| O|  |TAMS 0x0000000082100000, 0x0000000082000000| Untracked 
|  33|0x0000000082100000, 0x0000000082200000, 0x0000000082200000|100%| O|  |TAMS 0x0000000082200000, 0x0000000082100000| Untracked 
|  34|0x0000000082200000, 0x0000000082300000, 0x0000000082300000|100%| O|  |TAMS 0x0000000082300000, 0x0000000082200000| Untracked 
|  35|0x0000000082300000, 0x0000000082400000, 0x0000000082400000|100%| O|  |TAMS 0x0000000082400000, 0x0000000082300000| Untracked 
|  36|0x0000000082400000, 0x0000000082500000, 0x0000000082500000|100%| O|  |TAMS 0x0000000082500000, 0x0000000082400000| Untracked 
|  37|0x0000000082500000, 0x0000000082600000, 0x0000000082600000|100%|HS|  |TAMS 0x0000000082600000, 0x0000000082500000| Complete 
|  38|0x0000000082600000, 0x0000000082700000, 0x0000000082700000|100%|HS|  |TAMS 0x0000000082700000, 0x0000000082600000| Complete 
|  39|0x0000000082700000, 0x0000000082800000, 0x0000000082800000|100%|HS|  |TAMS 0x0000000082800000, 0x0000000082700000| Complete 
|  40|0x0000000082800000, 0x0000000082900000, 0x0000000082900000|100%| O|  |TAMS 0x0000000082900000, 0x0000000082800000| Untracked 
|  41|0x0000000082900000, 0x0000000082a00000, 0x0000000082a00000|100%| O|  |TAMS 0x0000000082a00000, 0x0000000082900000| Untracked 
|  42|0x0000000082a00000, 0x0000000082b00000, 0x0000000082b00000|100%| O|  |TAMS 0x0000000082b00000, 0x0000000082a00000| Untracked 
|  43|0x0000000082b00000, 0x0000000082c00000, 0x0000000082c00000|100%| O|  |TAMS 0x0000000082c00000, 0x0000000082b00000| Untracked 
|  44|0x0000000082c00000, 0x0000000082d00000, 0x0000000082d00000|100%| O|  |TAMS 0x0000000082d00000, 0x0000000082c00000| Untracked 
|  45|0x0000000082d00000, 0x0000000082e00000, 0x0000000082e00000|100%| O|  |TAMS 0x0000000082e00000, 0x0000000082d00000| Untracked 
|  46|0x0000000082e00000, 0x0000000082f00000, 0x0000000082f00000|100%| O|  |TAMS 0x0000000082f00000, 0x0000000082e00000| Untracked 
|  47|0x0000000082f00000, 0x0000000083000000, 0x0000000083000000|100%| O|  |TAMS 0x0000000083000000, 0x0000000082f00000| Untracked 
|  48|0x0000000083000000, 0x0000000083100000, 0x0000000083100000|100%| O|  |TAMS 0x0000000083100000, 0x0000000083000000| Untracked 
|  49|0x0000000083100000, 0x0000000083200000, 0x0000000083200000|100%| O|  |TAMS 0x0000000083200000, 0x0000000083100000| Untracked 
|  50|0x0000000083200000, 0x0000000083300000, 0x0000000083300000|100%| O|  |TAMS 0x0000000083300000, 0x0000000083200000| Untracked 
|  51|0x0000000083300000, 0x0000000083400000, 0x0000000083400000|100%| O|  |TAMS 0x0000000083400000, 0x0000000083300000| Untracked 
|  52|0x0000000083400000, 0x0000000083500000, 0x0000000083500000|100%| O|  |TAMS 0x0000000083500000, 0x0000000083400000| Untracked 
|  53|0x0000000083500000, 0x0000000083600000, 0x0000000083600000|100%| O|  |TAMS 0x0000000083600000, 0x0000000083500000| Untracked 
|  54|0x0000000083600000, 0x0000000083700000, 0x0000000083700000|100%| O|  |TAMS 0x0000000083700000, 0x0000000083600000| Untracked 
|  55|0x0000000083700000, 0x0000000083800000, 0x0000000083800000|100%| O|  |TAMS 0x0000000083800000, 0x0000000083700000| Untracked 
|  56|0x0000000083800000, 0x0000000083900000, 0x0000000083900000|100%| O|  |TAMS 0x0000000083900000, 0x0000000083800000| Untracked 
|  57|0x0000000083900000, 0x0000000083a00000, 0x0000000083a00000|100%| O|  |TAMS 0x0000000083a00000, 0x0000000083900000| Untracked 
|  58|0x0000000083a00000, 0x0000000083b00000, 0x0000000083b00000|100%| O|  |TAMS 0x0000000083b00000, 0x0000000083a00000| Untracked 
|  59|0x0000000083b00000, 0x0000000083c00000, 0x0000000083c00000|100%| O|  |TAMS 0x0000000083c00000, 0x0000000083b00000| Untracked 
|  60|0x0000000083c00000, 0x0000000083d00000, 0x0000000083d00000|100%| O|  |TAMS 0x0000000083d00000, 0x0000000083c00000| Untracked 
|  61|0x0000000083d00000, 0x0000000083e00000, 0x0000000083e00000|100%| O|  |TAMS 0x0000000083e00000, 0x0000000083d00000| Untracked 
|  62|0x0000000083e00000, 0x0000000083f00000, 0x0000000083f00000|100%| O|  |TAMS 0x0000000083f00000, 0x0000000083e00000| Untracked 
|  63|0x0000000083f00000, 0x0000000084000000, 0x0000000084000000|100%| O|  |TAMS 0x0000000084000000, 0x0000000083f00000| Untracked 
|  64|0x0000000084000000, 0x0000000084100000, 0x0000000084100000|100%| O|  |TAMS 0x0000000084100000, 0x0000000084000000| Untracked 
|  65|0x0000000084100000, 0x0000000084200000, 0x0000000084200000|100%| O|  |TAMS 0x0000000084200000, 0x0000000084100000| Untracked 
|  66|0x0000000084200000, 0x0000000084300000, 0x0000000084300000|100%| O|  |TAMS 0x0000000084300000, 0x0000000084200000| Untracked 
|  67|0x0000000084300000, 0x0000000084400000, 0x0000000084400000|100%| O|  |TAMS 0x0000000084400000, 0x0000000084300000| Untracked 
|  68|0x0000000084400000, 0x0000000084500000, 0x0000000084500000|100%| O|  |TAMS 0x0000000084500000, 0x0000000084400000| Untracked 
|  69|0x0000000084500000, 0x0000000084600000, 0x0000000084600000|100%| O|  |TAMS 0x0000000084600000, 0x0000000084500000| Untracked 
|  70|0x0000000084600000, 0x0000000084700000, 0x0000000084700000|100%| O|  |TAMS 0x0000000084700000, 0x0000000084600000| Untracked 
|  71|0x0000000084700000, 0x0000000084800000, 0x0000000084800000|100%| O|  |TAMS 0x0000000084800000, 0x0000000084700000| Untracked 
|  72|0x0000000084800000, 0x0000000084900000, 0x0000000084900000|100%| O|  |TAMS 0x0000000084900000, 0x0000000084800000| Untracked 
|  73|0x0000000084900000, 0x0000000084a00000, 0x0000000084a00000|100%| O|  |TAMS 0x0000000084a00000, 0x0000000084900000| Untracked 
|  74|0x0000000084a00000, 0x0000000084b00000, 0x0000000084b00000|100%| O|  |TAMS 0x0000000084b00000, 0x0000000084a00000| Untracked 
|  75|0x0000000084b00000, 0x0000000084c00000, 0x0000000084c00000|100%| O|  |TAMS 0x0000000084c00000, 0x0000000084b00000| Untracked 
|  76|0x0000000084c00000, 0x0000000084d00000, 0x0000000084d00000|100%| O|  |TAMS 0x0000000084d00000, 0x0000000084c00000| Untracked 
|  77|0x0000000084d00000, 0x0000000084e00000, 0x0000000084e00000|100%| O|  |TAMS 0x0000000084e00000, 0x0000000084d00000| Untracked 
|  78|0x0000000084e00000, 0x0000000084f00000, 0x0000000084f00000|100%| O|  |TAMS 0x0000000084e79000, 0x0000000084e00000| Untracked 
|  79|0x0000000084f00000, 0x0000000085000000, 0x0000000085000000|100%|HS|  |TAMS 0x0000000084f00000, 0x0000000084f00000| Complete 
|  80|0x0000000085000000, 0x0000000085100000, 0x0000000085100000|100%|HS|  |TAMS 0x0000000085000000, 0x0000000085000000| Complete 
|  81|0x0000000085100000, 0x0000000085200000, 0x0000000085200000|100%|HC|  |TAMS 0x0000000085100000, 0x0000000085100000| Complete 
|  82|0x0000000085200000, 0x0000000085300000, 0x0000000085300000|100%|HS|  |TAMS 0x0000000085200000, 0x0000000085200000| Complete 
|  83|0x0000000085300000, 0x0000000085400000, 0x0000000085400000|100%|HS|  |TAMS 0x0000000085300000, 0x0000000085300000| Complete 
|  84|0x0000000085400000, 0x0000000085500000, 0x0000000085500000|100%|HC|  |TAMS 0x0000000085400000, 0x0000000085400000| Complete 
|  85|0x0000000085500000, 0x0000000085500000, 0x0000000085600000|  0%| F|  |TAMS 0x0000000085500000, 0x0000000085500000| Untracked 
|  86|0x0000000085600000, 0x0000000085700000, 0x0000000085700000|100%|HS|  |TAMS 0x0000000085700000, 0x0000000085600000| Complete 
|  87|0x0000000085700000, 0x0000000085800000, 0x0000000085800000|100%|HC|  |TAMS 0x0000000085800000, 0x0000000085700000| Complete 
|  88|0x0000000085800000, 0x0000000085900000, 0x0000000085900000|100%| O|  |TAMS 0x0000000085800000, 0x0000000085800000| Untracked 
|  89|0x0000000085900000, 0x0000000085a00000, 0x0000000085a00000|100%| O|  |TAMS 0x0000000085900000, 0x0000000085900000| Untracked 
|  90|0x0000000085a00000, 0x0000000085b00000, 0x0000000085b00000|100%| O|  |TAMS 0x0000000085a00000, 0x0000000085a00000| Untracked 
|  91|0x0000000085b00000, 0x0000000085c00000, 0x0000000085c00000|100%| O|  |TAMS 0x0000000085b00000, 0x0000000085b00000| Untracked 
|  92|0x0000000085c00000, 0x0000000085d00000, 0x0000000085d00000|100%| O|  |TAMS 0x0000000085c00000, 0x0000000085c00000| Untracked 
|  93|0x0000000085d00000, 0x0000000085e00000, 0x0000000085e00000|100%| O|  |TAMS 0x0000000085d00000, 0x0000000085d00000| Untracked 
|  94|0x0000000085e00000, 0x0000000085f00000, 0x0000000085f00000|100%| O|  |TAMS 0x0000000085e00000, 0x0000000085e00000| Untracked 
|  95|0x0000000085f00000, 0x0000000086000000, 0x0000000086000000|100%| O|  |TAMS 0x0000000085f00000, 0x0000000085f00000| Untracked 
|  96|0x0000000086000000, 0x0000000086100000, 0x0000000086100000|100%| O|  |TAMS 0x0000000086000000, 0x0000000086000000| Untracked 
|  97|0x0000000086100000, 0x0000000086200000, 0x0000000086200000|100%| O|  |TAMS 0x0000000086100000, 0x0000000086100000| Untracked 
|  98|0x0000000086200000, 0x0000000086300000, 0x0000000086300000|100%| O|  |TAMS 0x0000000086200000, 0x0000000086200000| Untracked 
|  99|0x0000000086300000, 0x0000000086400000, 0x0000000086400000|100%| O|  |TAMS 0x0000000086300000, 0x0000000086300000| Untracked 
| 100|0x0000000086400000, 0x0000000086500000, 0x0000000086500000|100%| O|  |TAMS 0x0000000086400000, 0x0000000086400000| Untracked 
| 101|0x0000000086500000, 0x0000000086600000, 0x0000000086600000|100%| O|  |TAMS 0x0000000086500000, 0x0000000086500000| Untracked 
| 102|0x0000000086600000, 0x0000000086700000, 0x0000000086700000|100%| O|  |TAMS 0x0000000086600000, 0x0000000086600000| Untracked 
| 103|0x0000000086700000, 0x00000000867e5800, 0x0000000086800000| 89%| O|  |TAMS 0x0000000086700000, 0x0000000086700000| Untracked 
| 104|0x0000000086800000, 0x0000000086900000, 0x0000000086900000|100%|HS|  |TAMS 0x0000000086800000, 0x0000000086800000| Complete 
| 105|0x0000000086900000, 0x0000000086a00000, 0x0000000086a00000|100%|HC|  |TAMS 0x0000000086900000, 0x0000000086900000| Complete 
| 106|0x0000000086a00000, 0x0000000086a00000, 0x0000000086b00000|  0%| F|  |TAMS 0x0000000086a00000, 0x0000000086a00000| Untracked 
| 107|0x0000000086b00000, 0x0000000086b00000, 0x0000000086c00000|  0%| F|  |TAMS 0x0000000086b00000, 0x0000000086b00000| Untracked 
| 108|0x0000000086c00000, 0x0000000086c00000, 0x0000000086d00000|  0%| F|  |TAMS 0x0000000086c00000, 0x0000000086c00000| Untracked 
| 109|0x0000000086d00000, 0x0000000086d00000, 0x0000000086e00000|  0%| F|  |TAMS 0x0000000086d00000, 0x0000000086d00000| Untracked 
| 110|0x0000000086e00000, 0x0000000086e00000, 0x0000000086f00000|  0%| F|  |TAMS 0x0000000086e00000, 0x0000000086e00000| Untracked 
| 111|0x0000000086f00000, 0x0000000086f00000, 0x0000000087000000|  0%| F|  |TAMS 0x0000000086f00000, 0x0000000086f00000| Untracked 
| 112|0x0000000087000000, 0x0000000087000000, 0x0000000087100000|  0%| F|  |TAMS 0x0000000087000000, 0x0000000087000000| Untracked 
| 113|0x0000000087100000, 0x0000000087100000, 0x0000000087200000|  0%| F|  |TAMS 0x0000000087100000, 0x0000000087100000| Untracked 
| 114|0x0000000087200000, 0x0000000087200000, 0x0000000087300000|  0%| F|  |TAMS 0x0000000087200000, 0x0000000087200000| Untracked 
| 115|0x0000000087300000, 0x0000000087300000, 0x0000000087400000|  0%| F|  |TAMS 0x0000000087300000, 0x0000000087300000| Untracked 
| 116|0x0000000087400000, 0x0000000087400000, 0x0000000087500000|  0%| F|  |TAMS 0x0000000087400000, 0x0000000087400000| Untracked 
| 117|0x0000000087500000, 0x0000000087500000, 0x0000000087600000|  0%| F|  |TAMS 0x0000000087500000, 0x0000000087500000| Untracked 
| 118|0x0000000087600000, 0x0000000087600000, 0x0000000087700000|  0%| F|  |TAMS 0x0000000087600000, 0x0000000087600000| Untracked 
| 119|0x0000000087700000, 0x0000000087700000, 0x0000000087800000|  0%| F|  |TAMS 0x0000000087700000, 0x0000000087700000| Untracked 
| 120|0x0000000087800000, 0x0000000087800000, 0x0000000087900000|  0%| F|  |TAMS 0x0000000087800000, 0x0000000087800000| Untracked 
| 121|0x0000000087900000, 0x0000000087900000, 0x0000000087a00000|  0%| F|  |TAMS 0x0000000087900000, 0x0000000087900000| Untracked 
| 122|0x0000000087a00000, 0x0000000087a00000, 0x0000000087b00000|  0%| F|  |TAMS 0x0000000087a00000, 0x0000000087a00000| Untracked 
| 123|0x0000000087b00000, 0x0000000087b00000, 0x0000000087c00000|  0%| F|  |TAMS 0x0000000087b00000, 0x0000000087b00000| Untracked 
| 124|0x0000000087c00000, 0x0000000087c00000, 0x0000000087d00000|  0%| F|  |TAMS 0x0000000087c00000, 0x0000000087c00000| Untracked 
| 125|0x0000000087d00000, 0x0000000087d00000, 0x0000000087e00000|  0%| F|  |TAMS 0x0000000087d00000, 0x0000000087d00000| Untracked 
| 126|0x0000000087e00000, 0x0000000087e00000, 0x0000000087f00000|  0%| F|  |TAMS 0x0000000087e00000, 0x0000000087e00000| Untracked 
| 127|0x0000000087f00000, 0x0000000087f00000, 0x0000000088000000|  0%| F|  |TAMS 0x0000000087f00000, 0x0000000087f00000| Untracked 
| 128|0x0000000088000000, 0x0000000088000000, 0x0000000088100000|  0%| F|  |TAMS 0x0000000088000000, 0x0000000088000000| Untracked 
| 129|0x0000000088100000, 0x0000000088100000, 0x0000000088200000|  0%| F|  |TAMS 0x0000000088100000, 0x0000000088100000| Untracked 
| 130|0x0000000088200000, 0x0000000088200000, 0x0000000088300000|  0%| F|  |TAMS 0x0000000088200000, 0x0000000088200000| Untracked 
| 131|0x0000000088300000, 0x0000000088300000, 0x0000000088400000|  0%| F|  |TAMS 0x0000000088300000, 0x0000000088300000| Untracked 
| 132|0x0000000088400000, 0x0000000088400000, 0x0000000088500000|  0%| F|  |TAMS 0x0000000088400000, 0x0000000088400000| Untracked 
| 133|0x0000000088500000, 0x0000000088500000, 0x0000000088600000|  0%| F|  |TAMS 0x0000000088500000, 0x0000000088500000| Untracked 
| 134|0x0000000088600000, 0x0000000088600000, 0x0000000088700000|  0%| F|  |TAMS 0x0000000088600000, 0x0000000088600000| Untracked 
| 135|0x0000000088700000, 0x0000000088700000, 0x0000000088800000|  0%| F|  |TAMS 0x0000000088700000, 0x0000000088700000| Untracked 
| 136|0x0000000088800000, 0x0000000088900000, 0x0000000088900000|100%| S|CS|TAMS 0x0000000088800000, 0x0000000088800000| Complete 
| 137|0x0000000088900000, 0x0000000088a00000, 0x0000000088a00000|100%| S|CS|TAMS 0x0000000088900000, 0x0000000088900000| Complete 
| 138|0x0000000088a00000, 0x0000000088b00000, 0x0000000088b00000|100%| S|CS|TAMS 0x0000000088a00000, 0x0000000088a00000| Complete 
| 139|0x0000000088b00000, 0x0000000088c00000, 0x0000000088c00000|100%| S|CS|TAMS 0x0000000088b00000, 0x0000000088b00000| Complete 
| 140|0x0000000088c00000, 0x0000000088d00000, 0x0000000088d00000|100%| S|CS|TAMS 0x0000000088c00000, 0x0000000088c00000| Complete 
| 141|0x0000000088d00000, 0x0000000088e00000, 0x0000000088e00000|100%| S|CS|TAMS 0x0000000088d00000, 0x0000000088d00000| Complete 
| 142|0x0000000088e00000, 0x0000000088e00000, 0x0000000088f00000|  0%| F|  |TAMS 0x0000000088e00000, 0x0000000088e00000| Untracked 
| 143|0x0000000088f00000, 0x0000000088f00000, 0x0000000089000000|  0%| F|  |TAMS 0x0000000088f00000, 0x0000000088f00000| Untracked 
| 144|0x0000000089000000, 0x0000000089000000, 0x0000000089100000|  0%| F|  |TAMS 0x0000000089000000, 0x0000000089000000| Untracked 
| 145|0x0000000089100000, 0x0000000089100000, 0x0000000089200000|  0%| F|  |TAMS 0x0000000089100000, 0x0000000089100000| Untracked 
| 146|0x0000000089200000, 0x0000000089200000, 0x0000000089300000|  0%| F|  |TAMS 0x0000000089200000, 0x0000000089200000| Untracked 
| 147|0x0000000089300000, 0x0000000089300000, 0x0000000089400000|  0%| F|  |TAMS 0x0000000089300000, 0x0000000089300000| Untracked 
| 148|0x0000000089400000, 0x0000000089400000, 0x0000000089500000|  0%| F|  |TAMS 0x0000000089400000, 0x0000000089400000| Untracked 
| 149|0x0000000089500000, 0x0000000089500000, 0x0000000089600000|  0%| F|  |TAMS 0x0000000089500000, 0x0000000089500000| Untracked 
| 150|0x0000000089600000, 0x0000000089600000, 0x0000000089700000|  0%| F|  |TAMS 0x0000000089600000, 0x0000000089600000| Untracked 
| 151|0x0000000089700000, 0x0000000089700000, 0x0000000089800000|  0%| F|  |TAMS 0x0000000089700000, 0x0000000089700000| Untracked 
| 152|0x0000000089800000, 0x0000000089800000, 0x0000000089900000|  0%| F|  |TAMS 0x0000000089800000, 0x0000000089800000| Untracked 
| 153|0x0000000089900000, 0x0000000089900000, 0x0000000089a00000|  0%| F|  |TAMS 0x0000000089900000, 0x0000000089900000| Untracked 
| 154|0x0000000089a00000, 0x0000000089a00000, 0x0000000089b00000|  0%| F|  |TAMS 0x0000000089a00000, 0x0000000089a00000| Untracked 
| 155|0x0000000089b00000, 0x0000000089b00000, 0x0000000089c00000|  0%| F|  |TAMS 0x0000000089b00000, 0x0000000089b00000| Untracked 
| 156|0x0000000089c00000, 0x0000000089c00000, 0x0000000089d00000|  0%| F|  |TAMS 0x0000000089c00000, 0x0000000089c00000| Untracked 
| 157|0x0000000089d00000, 0x0000000089d00000, 0x0000000089e00000|  0%| F|  |TAMS 0x0000000089d00000, 0x0000000089d00000| Untracked 
| 158|0x0000000089e00000, 0x0000000089e00000, 0x0000000089f00000|  0%| F|  |TAMS 0x0000000089e00000, 0x0000000089e00000| Untracked 
| 159|0x0000000089f00000, 0x0000000089f00000, 0x000000008a000000|  0%| F|  |TAMS 0x0000000089f00000, 0x0000000089f00000| Untracked 
| 160|0x000000008a000000, 0x000000008a000000, 0x000000008a100000|  0%| F|  |TAMS 0x000000008a000000, 0x000000008a000000| Untracked 
| 161|0x000000008a100000, 0x000000008a100000, 0x000000008a200000|  0%| F|  |TAMS 0x000000008a100000, 0x000000008a100000| Untracked 
| 162|0x000000008a200000, 0x000000008a200000, 0x000000008a300000|  0%| F|  |TAMS 0x000000008a200000, 0x000000008a200000| Untracked 
| 163|0x000000008a300000, 0x000000008a300000, 0x000000008a400000|  0%| F|  |TAMS 0x000000008a300000, 0x000000008a300000| Untracked 
| 164|0x000000008a400000, 0x000000008a400000, 0x000000008a500000|  0%| F|  |TAMS 0x000000008a400000, 0x000000008a400000| Untracked 
| 165|0x000000008a500000, 0x000000008a500000, 0x000000008a600000|  0%| F|  |TAMS 0x000000008a500000, 0x000000008a500000| Untracked 
| 166|0x000000008a600000, 0x000000008a600000, 0x000000008a700000|  0%| F|  |TAMS 0x000000008a600000, 0x000000008a600000| Untracked 
| 167|0x000000008a700000, 0x000000008a700000, 0x000000008a800000|  0%| F|  |TAMS 0x000000008a700000, 0x000000008a700000| Untracked 
| 168|0x000000008a800000, 0x000000008a800000, 0x000000008a900000|  0%| F|  |TAMS 0x000000008a800000, 0x000000008a800000| Untracked 
| 169|0x000000008a900000, 0x000000008a9d8b88, 0x000000008aa00000| 84%| E|  |TAMS 0x000000008a900000, 0x000000008a900000| Complete 
| 170|0x000000008aa00000, 0x000000008ab00000, 0x000000008ab00000|100%| E|CS|TAMS 0x000000008aa00000, 0x000000008aa00000| Complete 
| 171|0x000000008ab00000, 0x000000008ac00000, 0x000000008ac00000|100%| E|CS|TAMS 0x000000008ab00000, 0x000000008ab00000| Complete 
| 172|0x000000008ac00000, 0x000000008ad00000, 0x000000008ad00000|100%| E|CS|TAMS 0x000000008ac00000, 0x000000008ac00000| Complete 
| 173|0x000000008ad00000, 0x000000008ae00000, 0x000000008ae00000|100%| E|CS|TAMS 0x000000008ad00000, 0x000000008ad00000| Complete 
| 174|0x000000008ae00000, 0x000000008af00000, 0x000000008af00000|100%| E|CS|TAMS 0x000000008ae00000, 0x000000008ae00000| Complete 
| 175|0x000000008af00000, 0x000000008b000000, 0x000000008b000000|100%| E|CS|TAMS 0x000000008af00000, 0x000000008af00000| Complete 
| 176|0x000000008b000000, 0x000000008b100000, 0x000000008b100000|100%| E|CS|TAMS 0x000000008b000000, 0x000000008b000000| Complete 
| 177|0x000000008b100000, 0x000000008b200000, 0x000000008b200000|100%| E|CS|TAMS 0x000000008b100000, 0x000000008b100000| Complete 
| 178|0x000000008b200000, 0x000000008b300000, 0x000000008b300000|100%| E|CS|TAMS 0x000000008b200000, 0x000000008b200000| Complete 
| 179|0x000000008b300000, 0x000000008b400000, 0x000000008b400000|100%| E|CS|TAMS 0x000000008b300000, 0x000000008b300000| Complete 
| 180|0x000000008b400000, 0x000000008b500000, 0x000000008b500000|100%| E|CS|TAMS 0x000000008b400000, 0x000000008b400000| Complete 
| 181|0x000000008b500000, 0x000000008b600000, 0x000000008b600000|100%| E|CS|TAMS 0x000000008b500000, 0x000000008b500000| Complete 
| 182|0x000000008b600000, 0x000000008b700000, 0x000000008b700000|100%| E|CS|TAMS 0x000000008b600000, 0x000000008b600000| Complete 
| 183|0x000000008b700000, 0x000000008b800000, 0x000000008b800000|100%| E|CS|TAMS 0x000000008b700000, 0x000000008b700000| Complete 
| 184|0x000000008b800000, 0x000000008b900000, 0x000000008b900000|100%| E|CS|TAMS 0x000000008b800000, 0x000000008b800000| Complete 
| 185|0x000000008b900000, 0x000000008ba00000, 0x000000008ba00000|100%| E|CS|TAMS 0x000000008b900000, 0x000000008b900000| Complete 
| 186|0x000000008ba00000, 0x000000008bb00000, 0x000000008bb00000|100%| E|CS|TAMS 0x000000008ba00000, 0x000000008ba00000| Complete 
| 187|0x000000008bb00000, 0x000000008bc00000, 0x000000008bc00000|100%| E|CS|TAMS 0x000000008bb00000, 0x000000008bb00000| Complete 
| 188|0x000000008bc00000, 0x000000008bd00000, 0x000000008bd00000|100%| E|CS|TAMS 0x000000008bc00000, 0x000000008bc00000| Complete 
| 189|0x000000008bd00000, 0x000000008be00000, 0x000000008be00000|100%| E|CS|TAMS 0x000000008bd00000, 0x000000008bd00000| Complete 
| 190|0x000000008be00000, 0x000000008bf00000, 0x000000008bf00000|100%| E|CS|TAMS 0x000000008be00000, 0x000000008be00000| Complete 
| 191|0x000000008bf00000, 0x000000008c000000, 0x000000008c000000|100%| E|CS|TAMS 0x000000008bf00000, 0x000000008bf00000| Complete 

Card table byte_map: [0x000002497ebd0000,0x000002497efd0000] _byte_map_base: 0x000002497e7d0000

Marking Bits (Prev, Next): (CMBitMap*) 0x000002496a532700, (CMBitMap*) 0x000002496a5326c0
 Prev Bits: [0x0000024902000000, 0x0000024904000000)
 Next Bits: [0x0000024900000000, 0x0000024902000000)

Polling page: 0x000002496a5a0000

Metaspace:

Usage:
  Non-class:     85.90 MB used.
      Class:     13.36 MB used.
       Both:     99.26 MB used.

Virtual space:
  Non-class space:       88.00 MB reserved,      86.25 MB ( 98%) committed,  11 nodes.
      Class space:        1.00 GB reserved,      13.75 MB (  1%) committed,  1 nodes.
             Both:        1.09 GB reserved,     100.00 MB (  9%) committed. 

Chunk freelists:
   Non-Class:  1.56 MB
       Class:  2.11 MB
        Both:  3.67 MB

MaxMetaspaceSize: unlimited
CompressedClassSpaceSize: 1.00 GB
Initial GC threshold: 21.00 MB
Current GC threshold: 166.38 MB
CDS: off
MetaspaceReclaimPolicy: balanced
 - commit_granule_bytes: 65536.
 - commit_granule_words: 8192.
 - virtual_space_node_default_size: 1048576.
 - enlarge_chunks_in_place: 1.
 - new_chunks_are_fully_committed: 0.
 - uncommit_free_chunks: 1.
 - use_allocation_guard: 0.
 - handle_deallocations: 1.


Internal statistics:

num_allocs_failed_limit: 9.
num_arena_births: 1110.
num_arena_deaths: 6.
num_vsnodes_births: 12.
num_vsnodes_deaths: 0.
num_space_committed: 1599.
num_space_uncommitted: 0.
num_chunks_returned_to_freelist: 16.
num_chunks_taken_from_freelist: 4751.
num_chunk_merges: 11.
num_chunk_splits: 3160.
num_chunks_enlarged: 2106.
num_purges: 2.
num_inconsistent_stats: 0.

CodeHeap 'non-profiled nmethods': size=120000Kb used=5908Kb max_used=5908Kb free=114091Kb
 bounds [0x0000024976c40000, 0x0000024977210000, 0x000002497e170000]
CodeHeap 'profiled nmethods': size=120000Kb used=20279Kb max_used=20279Kb free=99720Kb
 bounds [0x000002496f170000, 0x0000024970540000, 0x00000249766a0000]
CodeHeap 'non-nmethods': size=5760Kb used=2426Kb max_used=2487Kb free=3333Kb
 bounds [0x00000249766a0000, 0x0000024976920000, 0x0000024976c40000]
 total_blobs=11271 nmethods=10301 adapters=883
 compilation: enabled
              stopped_count=0, restarted_count=0
 full_count=0

Compilation events (20 events):
Event: 31.092 Thread 0x000002497fbc42b0 11898       1       com.android.ide.common.blame.SourceFilePosition::getPosition (5 bytes)
Event: 31.093 Thread 0x000002497fbc42b0 nmethod 11898 0x0000024977200810 code [0x00000249772009a0, 0x0000024977200a78]
Event: 31.093 Thread 0x000002497fbc42b0 11899       3       com.android.ide.common.blame.MergingLogPersistUtil$SourcePositionsSerializer::append (67 bytes)
Event: 31.094 Thread 0x000002497fbc42b0 nmethod 11899 0x000002497052d690 code [0x000002497052d9c0, 0x000002497052e998]
Event: 31.095 Thread 0x000002497fbc42b0 11900       3       com.google.gson.stream.JsonWriter::string (169 bytes)
Event: 31.096 Thread 0x000002497fbc42b0 nmethod 11900 0x000002497052f010 code [0x000002497052f2a0, 0x0000024970530188]
Event: 31.102 Thread 0x000002497fbc42b0 11901       3       com.android.ide.common.blame.MergingLogPersistUtil$$Lambda$1221/0x0000000100da0938::accept (12 bytes)
Event: 31.102 Thread 0x000002497fbc42b0 nmethod 11901 0x0000024970530790 code [0x0000024970530940, 0x0000024970530b88]
Event: 31.102 Thread 0x000002497fbc42b0 11902       3       com.android.ide.common.blame.MergingLogPersistUtil::lambda$normalize$0 (107 bytes)
Event: 31.103 Thread 0x000002497fbc42b0 nmethod 11902 0x0000024970530c90 code [0x0000024970530f40, 0x0000024970531f18]
Event: 31.104 Thread 0x000002497fbc42b0 11903       3       com.google.gson.stream.JsonWriter::peek (29 bytes)
Event: 31.104 Thread 0x000002497fbc42b0 nmethod 11903 0x0000024970532310 code [0x00000249705324c0, 0x00000249705326e8]
Event: 31.104 Thread 0x000002497fbc42b0 11904       3       com.google.gson.stream.JsonWriter::replaceTop (13 bytes)
Event: 31.104 Thread 0x000002497fbc42b0 nmethod 11904 0x0000024970532810 code [0x00000249705329a0, 0x0000024970532ad8]
Event: 31.109 Thread 0x000002497fbc42b0 11905       3       com.google.gson.stream.JsonWriter::newline (47 bytes)
Event: 31.109 Thread 0x000002497fbc42b0 nmethod 11905 0x0000024970532b90 code [0x0000024970532d60, 0x0000024970533138]
Event: 31.121 Thread 0x000002497fbc42b0 11906       3       com.google.gson.stream.JsonWriter::writeDeferredName (25 bytes)
Event: 31.121 Thread 0x000002497fbc42b0 nmethod 11906 0x0000024970533290 code [0x0000024970533440, 0x0000024970533638]
Event: 31.121 Thread 0x000002497fbc42b0 11907       3       com.google.gson.stream.JsonWriter::beforeValue (135 bytes)
Event: 31.122 Thread 0x000002497fbc42b0 nmethod 11907 0x0000024970533710 code [0x0000024970533980, 0x00000249705342e8]

GC Heap History (20 events):
Event: 19.543 GC heap before
{Heap before GC invocations=24 (full 0):
 garbage-first heap   total 112640K, used 86826K [0x0000000080000000, 0x0000000100000000)
  region size 1024K, 33 young (33792K), 2 survivors (2048K)
 Metaspace       used 77773K, committed 78336K, reserved 1122304K
  class space    used 10306K, committed 10560K, reserved 1048576K
}
Event: 19.551 GC heap after
{Heap after GC invocations=25 (full 0):
 garbage-first heap   total 112640K, used 57241K [0x0000000080000000, 0x0000000100000000)
  region size 1024K, 5 young (5120K), 5 survivors (5120K)
 Metaspace       used 77773K, committed 78336K, reserved 1122304K
  class space    used 10306K, committed 10560K, reserved 1048576K
}
Event: 20.210 GC heap before
{Heap before GC invocations=26 (full 0):
 garbage-first heap   total 112640K, used 75673K [0x0000000080000000, 0x0000000100000000)
  region size 1024K, 24 young (24576K), 5 survivors (5120K)
 Metaspace       used 79734K, committed 80320K, reserved 1122304K
  class space    used 10577K, committed 10880K, reserved 1048576K
}
Event: 20.225 GC heap after
{Heap after GC invocations=27 (full 0):
 garbage-first heap   total 135168K, used 58399K [0x0000000080000000, 0x0000000100000000)
  region size 1024K, 4 young (4096K), 4 survivors (4096K)
 Metaspace       used 79734K, committed 80320K, reserved 1122304K
  class space    used 10577K, committed 10880K, reserved 1048576K
}
Event: 21.597 GC heap before
{Heap before GC invocations=27 (full 0):
 garbage-first heap   total 135168K, used 104479K [0x0000000080000000, 0x0000000100000000)
  region size 1024K, 48 young (49152K), 4 survivors (4096K)
 Metaspace       used 84852K, committed 85440K, reserved 1130496K
  class space    used 11486K, committed 11776K, reserved 1048576K
}
Event: 21.610 GC heap after
{Heap after GC invocations=28 (full 0):
 garbage-first heap   total 135168K, used 60799K [0x0000000080000000, 0x0000000100000000)
  region size 1024K, 4 young (4096K), 4 survivors (4096K)
 Metaspace       used 84852K, committed 85440K, reserved 1130496K
  class space    used 11486K, committed 11776K, reserved 1048576K
}
Event: 23.175 GC heap before
{Heap before GC invocations=28 (full 0):
 garbage-first heap   total 135168K, used 105855K [0x0000000080000000, 0x0000000100000000)
  region size 1024K, 48 young (49152K), 4 survivors (4096K)
 Metaspace       used 89861K, committed 90432K, reserved 1130496K
  class space    used 12255K, committed 12544K, reserved 1048576K
}
Event: 23.191 GC heap after
{Heap after GC invocations=29 (full 0):
 garbage-first heap   total 135168K, used 63928K [0x0000000080000000, 0x0000000100000000)
  region size 1024K, 6 young (6144K), 6 survivors (6144K)
 Metaspace       used 89861K, committed 90432K, reserved 1130496K
  class space    used 12255K, committed 12544K, reserved 1048576K
}
Event: 24.511 GC heap before
{Heap before GC invocations=29 (full 0):
 garbage-first heap   total 135168K, used 107960K [0x0000000080000000, 0x0000000100000000)
  region size 1024K, 49 young (50176K), 6 survivors (6144K)
 Metaspace       used 93499K, committed 94144K, reserved 1130496K
  class space    used 12712K, committed 13056K, reserved 1048576K
}
Event: 24.528 GC heap after
{Heap after GC invocations=30 (full 0):
 garbage-first heap   total 135168K, used 68371K [0x0000000080000000, 0x0000000100000000)
  region size 1024K, 7 young (7168K), 7 survivors (7168K)
 Metaspace       used 93499K, committed 94144K, reserved 1130496K
  class space    used 12712K, committed 13056K, reserved 1048576K
}
Event: 25.242 GC heap before
{Heap before GC invocations=30 (full 0):
 garbage-first heap   total 135168K, used 105235K [0x0000000080000000, 0x0000000100000000)
  region size 1024K, 45 young (46080K), 7 survivors (7168K)
 Metaspace       used 94486K, committed 95104K, reserved 1138688K
  class space    used 12890K, committed 13184K, reserved 1048576K
}
Event: 25.262 GC heap after
{Heap after GC invocations=31 (full 0):
 garbage-first heap   total 135168K, used 74695K [0x0000000080000000, 0x0000000100000000)
  region size 1024K, 6 young (6144K), 6 survivors (6144K)
 Metaspace       used 94486K, committed 95104K, reserved 1138688K
  class space    used 12890K, committed 13184K, reserved 1048576K
}
Event: 26.372 GC heap before
{Heap before GC invocations=32 (full 0):
 garbage-first heap   total 135168K, used 108487K [0x0000000080000000, 0x0000000100000000)
  region size 1024K, 39 young (39936K), 6 survivors (6144K)
 Metaspace       used 97504K, committed 98176K, reserved 1138688K
  class space    used 13268K, committed 13568K, reserved 1048576K
}
Event: 26.386 GC heap after
{Heap after GC invocations=33 (full 0):
 garbage-first heap   total 135168K, used 77514K [0x0000000080000000, 0x0000000100000000)
  region size 1024K, 3 young (3072K), 3 survivors (3072K)
 Metaspace       used 97504K, committed 98176K, reserved 1138688K
  class space    used 13268K, committed 13568K, reserved 1048576K
}
Event: 27.196 GC heap before
{Heap before GC invocations=33 (full 0):
 garbage-first heap   total 135168K, used 109258K [0x0000000080000000, 0x0000000100000000)
  region size 1024K, 35 young (35840K), 3 survivors (3072K)
 Metaspace       used 98250K, committed 99008K, reserved 1138688K
  class space    used 13337K, committed 13696K, reserved 1048576K
}
Event: 27.208 GC heap after
{Heap after GC invocations=34 (full 0):
 garbage-first heap   total 162816K, used 79367K [0x0000000080000000, 0x0000000100000000)
  region size 1024K, 5 young (5120K), 5 survivors (5120K)
 Metaspace       used 98250K, committed 99008K, reserved 1138688K
  class space    used 13337K, committed 13696K, reserved 1048576K
}
Event: 28.936 GC heap before
{Heap before GC invocations=35 (full 0):
 garbage-first heap   total 162816K, used 116231K [0x0000000080000000, 0x0000000100000000)
  region size 1024K, 43 young (44032K), 5 survivors (5120K)
 Metaspace       used 100895K, committed 101632K, reserved 1138688K
  class space    used 13631K, committed 13952K, reserved 1048576K
}
Event: 28.961 GC heap after
{Heap after GC invocations=36 (full 0):
 garbage-first heap   total 162816K, used 87524K [0x0000000080000000, 0x0000000100000000)
  region size 1024K, 7 young (7168K), 7 survivors (7168K)
 Metaspace       used 100895K, committed 101632K, reserved 1138688K
  class space    used 13631K, committed 13952K, reserved 1048576K
}
Event: 29.944 GC heap before
{Heap before GC invocations=37 (full 0):
 garbage-first heap   total 181248K, used 131556K [0x0000000080000000, 0x0000000100000000)
  region size 1024K, 42 young (43008K), 7 survivors (7168K)
 Metaspace       used 101369K, committed 102144K, reserved 1138688K
  class space    used 13666K, committed 14016K, reserved 1048576K
}
Event: 29.974 GC heap after
{Heap after GC invocations=38 (full 0):
 garbage-first heap   total 181248K, used 105366K [0x0000000080000000, 0x0000000100000000)
  region size 1024K, 6 young (6144K), 6 survivors (6144K)
 Metaspace       used 101369K, committed 102144K, reserved 1138688K
  class space    used 13666K, committed 14016K, reserved 1048576K
}

Dll operation events (2 events):
Event: 0.013 Loaded shared library C:\Program Files\Android\Android Studio\jbr\bin\java.dll
Event: 1.007 Loaded shared library C:\Program Files\Android\Android Studio\jbr\bin\verify.dll

Deoptimization events (20 events):
Event: 30.693 Thread 0x0000024908a099e0 DEOPT PACKING pc=0x000002496f61de0b sp=0x000000f90a9f93e0
Event: 30.693 Thread 0x0000024908a099e0 DEOPT UNPACKING pc=0x00000249766f7124 sp=0x000000f90a9f88a0 mode 0
Event: 30.718 Thread 0x0000024908a099e0 Uncommon trap: trap_request=0xffffff45 fr.pc=0x0000024976c78f14 relative=0x00000000000004d4
Event: 30.718 Thread 0x0000024908a099e0 Uncommon trap: reason=unstable_if action=reinterpret pc=0x0000024976c78f14 method=java.lang.AbstractStringBuilder.putStringAt(ILjava/lang/String;II)V @ 8 c2
Event: 30.718 Thread 0x0000024908a099e0 DEOPT PACKING pc=0x0000024976c78f14 sp=0x000000f90a9f91f0
Event: 30.718 Thread 0x0000024908a099e0 DEOPT UNPACKING pc=0x00000249766f699d sp=0x000000f90a9f9068 mode 2
Event: 30.718 Thread 0x0000024908a099e0 Uncommon trap: trap_request=0xffffff45 fr.pc=0x00000249771e14a0 relative=0x00000000000045c0
Event: 30.718 Thread 0x0000024908a099e0 Uncommon trap: reason=unstable_if action=reinterpret pc=0x00000249771e14a0 method=java.lang.String.lastIndexOf(II)I @ 4 c2
Event: 30.718 Thread 0x0000024908a099e0 DEOPT PACKING pc=0x00000249771e14a0 sp=0x000000f90a9f9270
Event: 30.718 Thread 0x0000024908a099e0 DEOPT UNPACKING pc=0x00000249766f699d sp=0x000000f90a9f90f0 mode 2
Event: 30.719 Thread 0x0000024908a099e0 Uncommon trap: trap_request=0xffffffde fr.pc=0x00000249771e178c relative=0x00000000000048ac
Event: 30.719 Thread 0x0000024908a099e0 Uncommon trap: reason=class_check action=maybe_recompile pc=0x00000249771e178c method=org.apache.xerces.dom.NodeImpl.getUserData(Ljava/lang/String;)Ljava/lang/Object; @ 1 c2
Event: 30.720 Thread 0x0000024908a099e0 DEOPT PACKING pc=0x00000249771e178c sp=0x000000f90a9f94e0
Event: 30.720 Thread 0x0000024908a099e0 DEOPT UNPACKING pc=0x00000249766f699d sp=0x000000f90a9f93d8 mode 2
Event: 30.849 Thread 0x0000024908a099e0 DEOPT PACKING pc=0x000002496f8cf478 sp=0x000000f90a9f9360
Event: 30.849 Thread 0x0000024908a099e0 DEOPT UNPACKING pc=0x00000249766f7124 sp=0x000000f90a9f8840 mode 0
Event: 31.083 Thread 0x0000024908a099e0 Uncommon trap: trap_request=0xffffff45 fr.pc=0x00000249771f9a84 relative=0x00000000000002e4
Event: 31.083 Thread 0x0000024908a099e0 Uncommon trap: reason=unstable_if action=reinterpret pc=0x00000249771f9a84 method=com.android.ide.common.blame.SourceFile.equals(Ljava/lang/Object;)Z @ 46 c2
Event: 31.083 Thread 0x0000024908a099e0 DEOPT PACKING pc=0x00000249771f9a84 sp=0x000000f90a9f9530
Event: 31.083 Thread 0x0000024908a099e0 DEOPT UNPACKING pc=0x00000249766f699d sp=0x000000f90a9f94c8 mode 2

Classes unloaded (3 events):
Event: 30.236 Thread 0x000002497f9d3aa0 Unloading class 0x0000000100d34c00 'java/lang/invoke/LambdaForm$DMH+0x0000000100d34c00'
Event: 30.236 Thread 0x000002497f9d3aa0 Unloading class 0x0000000100d34800 'java/lang/invoke/LambdaForm$DMH+0x0000000100d34800'
Event: 30.236 Thread 0x000002497f9d3aa0 Unloading class 0x0000000100d34400 'java/lang/invoke/LambdaForm$DMH+0x0000000100d34400'

Classes redefined (0 events):
No events

Internal exceptions (20 events):
Event: 26.150 Thread 0x0000024908a0ebb0 Exception <a 'java/lang/NoSuchMethodError'{0x0000000086f37460}: 'java.lang.Object java.lang.invoke.DirectMethodHandle$Holder.invokeSpecialIFC(java.lang.Object, java.lang.Object, java.lang.Object)'> (0x0000000086f37460) 
thrown [s\src\hotspot\share\interpreter\linkResolver.cpp, line 771]
Event: 26.150 Thread 0x0000024909522a30 Exception <a 'java/lang/NoSuchMethodError'{0x0000000086f0e7a8}: 'java.lang.Object java.lang.invoke.DirectMethodHandle$Holder.invokeSpecialIFC(java.lang.Object, java.lang.Object, java.lang.Object)'> (0x0000000086f0e7a8) 
thrown [s\src\hotspot\share\interpreter\linkResolver.cpp, line 771]
Event: 26.151 Thread 0x0000024909524be0 Exception <a 'java/lang/NoSuchMethodError'{0x0000000086f3b470}: 'java.lang.Object java.lang.invoke.DirectMethodHandle$Holder.invokeSpecialIFC(java.lang.Object, java.lang.Object, java.lang.Object)'> (0x0000000086f3b470) 
thrown [s\src\hotspot\share\interpreter\linkResolver.cpp, line 771]
Event: 26.938 Thread 0x0000024908a0ebb0 Exception <a 'java/lang/NoSuchMethodError'{0x0000000086dc6168}: static Lcom/android/build/gradle/internal/tasks/AarMetadataArtifact;.<clinit>()V> (0x0000000086dc6168) 
thrown [s\src\hotspot\share\prims\jni.cpp, line 1108]
Event: 26.954 Thread 0x0000024908a099e0 Exception <a 'sun/nio/fs/WindowsException'{0x0000000087725688}> (0x0000000087725688) 
thrown [s\src\hotspot\share\prims\jni.cpp, line 517]
Event: 26.986 Thread 0x0000024907b388c0 Exception <a 'java/lang/NoSuchMethodError'{0x0000000086ce9ec0}: 'java.lang.Object java.lang.invoke.DirectMethodHandle$Holder.invokeSpecial(java.lang.Object, java.lang.Object, long, java.lang.Object, java.lang.Object, java.lang.Object, java.lang.Object, java.lang.Object, java.lang.Object, java.lang.Object, java.lang.Object, java.lang.Object)'> (0x0000000086ce9ec0) 
thrown [s\src\hotspot\share\interpreter\linkResolver.cpp, line 771]
Event: 26.986 Thread 0x0000024907b388c0 Exception <a 'java/lang/NoSuchMethodError'{0x0000000086cee668}: 'java.lang.Object java.lang.invoke.DelegatingMethodHandle$Holder.reinvoke_L(java.lang.Object, long, java.lang.Object, java.lang.Object, java.lang.Object, java.lang.Object, java.lang.Object, java.lang.Object, java.lang.Object, java.lang.Object, java.lang.Object)'> (0x0000000086cee668) 
thrown [s\src\hotspot\share\interpreter\linkResolver.cpp, line 771]
Event: 26.990 Thread 0x0000024907b388c0 Exception <a 'java/lang/NoSuchMethodError'{0x0000000086b1cd98}: 'java.lang.Object java.lang.invoke.Invokers$Holder.linkToTargetMethod(java.lang.Object, java.lang.Object, java.lang.Object, java.lang.Object, java.lang.Object, java.lang.Object, java.lang.Object, java.lang.Object, java.lang.Object, java.lang.Object)'> (0x0000000086b1cd98) 
thrown [s\src\hotspot\share\interpreter\linkResolver.cpp, line 771]
Event: 26.996 Thread 0x0000024908a099e0 Exception <a 'sun/nio/fs/WindowsException'{0x0000000086c9d9a0}> (0x0000000086c9d9a0) 
thrown [s\src\hotspot\share\prims\jni.cpp, line 517]
Event: 27.103 Thread 0x00000249074a0ea0 Implicit null exception at 0x00000249771a7704 to 0x00000249771a7888
Event: 27.171 Thread 0x0000024908a099e0 Exception <a 'sun/nio/fs/WindowsException'{0x0000000086447510}> (0x0000000086447510) 
thrown [s\src\hotspot\share\prims\jni.cpp, line 517]
Event: 27.171 Thread 0x0000024908a099e0 Exception <a 'sun/nio/fs/WindowsException'{0x0000000086448658}> (0x0000000086448658) 
thrown [s\src\hotspot\share\prims\jni.cpp, line 517]
Event: 27.171 Thread 0x0000024908a099e0 Exception <a 'sun/nio/fs/WindowsException'{0x00000000864486c8}> (0x00000000864486c8) 
thrown [s\src\hotspot\share\prims\jni.cpp, line 517]
Event: 27.171 Thread 0x0000024908a099e0 Exception <a 'sun/nio/fs/WindowsException'{0x0000000086448aa8}> (0x0000000086448aa8) 
thrown [s\src\hotspot\share\prims\jni.cpp, line 517]
Event: 27.281 Thread 0x0000024908a099e0 Exception <a 'sun/nio/fs/WindowsException'{0x0000000089e27960}> (0x0000000089e27960) 
thrown [s\src\hotspot\share\prims\jni.cpp, line 517]
Event: 27.282 Thread 0x0000024908a099e0 Exception <a 'sun/nio/fs/WindowsException'{0x0000000089e29948}> (0x0000000089e29948) 
thrown [s\src\hotspot\share\prims\jni.cpp, line 517]
Event: 27.282 Thread 0x0000024908a099e0 Exception <a 'sun/nio/fs/WindowsException'{0x0000000089e2b6a0}> (0x0000000089e2b6a0) 
thrown [s\src\hotspot\share\prims\jni.cpp, line 517]
Event: 27.283 Thread 0x0000024908a099e0 Exception <a 'sun/nio/fs/WindowsException'{0x0000000089e2d718}> (0x0000000089e2d718) 
thrown [s\src\hotspot\share\prims\jni.cpp, line 517]
Event: 27.285 Thread 0x0000024908a099e0 Exception <a 'sun/nio/fs/WindowsException'{0x0000000089e2f340}> (0x0000000089e2f340) 
thrown [s\src\hotspot\share\prims\jni.cpp, line 517]
Event: 29.868 Thread 0x0000024908a099e0 Implicit null exception at 0x0000024976d6c40c to 0x0000024976d6c49e

VM Operations (20 events):
Event: 27.867 Executing VM operation: HandshakeAllThreads
Event: 27.868 Executing VM operation: HandshakeAllThreads done
Event: 28.889 Executing VM operation: Cleanup
Event: 28.900 Executing VM operation: Cleanup done
Event: 28.936 Executing VM operation: G1TryInitiateConcMark
Event: 28.962 Executing VM operation: G1TryInitiateConcMark done
Event: 29.192 Executing VM operation: G1Concurrent
Event: 29.201 Executing VM operation: G1Concurrent done
Event: 29.294 Executing VM operation: G1Concurrent
Event: 29.294 Executing VM operation: G1Concurrent done
Event: 29.724 Executing VM operation: HandshakeAllThreads
Event: 29.724 Executing VM operation: HandshakeAllThreads done
Event: 29.786 Executing VM operation: HandshakeAllThreads
Event: 29.786 Executing VM operation: HandshakeAllThreads done
Event: 29.944 Executing VM operation: G1TryInitiateConcMark
Event: 29.977 Executing VM operation: G1TryInitiateConcMark done
Event: 30.235 Executing VM operation: G1Concurrent
Event: 30.253 Executing VM operation: G1Concurrent done
Event: 30.368 Executing VM operation: G1Concurrent
Event: 30.381 Executing VM operation: G1Concurrent done

Events (20 events):
Event: 29.571 loading class java/util/stream/Node$Builder$OfInt done
Event: 29.571 loading class java/util/stream/Nodes$IntArrayNode
Event: 29.571 loading class java/util/stream/Nodes$IntArrayNode done
Event: 29.571 loading class java/util/stream/Nodes$IntFixedNodeBuilder done
Event: 29.600 loading class java/util/concurrent/ConcurrentLinkedDeque
Event: 29.601 loading class java/util/concurrent/ConcurrentLinkedDeque done
Event: 29.601 loading class java/util/concurrent/ConcurrentLinkedDeque$Node
Event: 29.601 loading class java/util/concurrent/ConcurrentLinkedDeque$Node done
Event: 29.789 loading class org/w3c/dom/DOMImplementation
Event: 29.789 loading class org/w3c/dom/DOMImplementation done
Event: 29.790 loading class org/w3c/dom/ls/DOMImplementationLS
Event: 29.790 loading class org/w3c/dom/ls/DOMImplementationLS done
Event: 29.791 loading class org/w3c/dom/ls/LSSerializer
Event: 29.791 loading class org/w3c/dom/ls/LSSerializer done
Event: 29.791 loading class org/w3c/dom/ls/LSOutput
Event: 29.791 loading class org/w3c/dom/ls/LSOutput done
Event: 29.792 loading class org/w3c/dom/ls/LSInput
Event: 29.792 loading class org/w3c/dom/ls/LSInput done
Event: 29.792 loading class org/w3c/dom/ls/LSParser
Event: 29.792 loading class org/w3c/dom/ls/LSParser done


Dynamic libraries:
0x00007ff6f3410000 - 0x00007ff6f341a000 	C:\Program Files\Android\Android Studio\jbr\bin\java.exe
0x00007ff9af3d0000 - 0x00007ff9af5e4000 	C:\windows\SYSTEM32\ntdll.dll
0x00007ff9ae430000 - 0x00007ff9ae4f4000 	C:\windows\System32\KERNEL32.DLL
0x00007ff9ac780000 - 0x00007ff9acb24000 	C:\windows\System32\KERNELBASE.dll
0x00007ff9acc20000 - 0x00007ff9acd31000 	C:\windows\System32\ucrtbase.dll
0x00007ff9949a0000 - 0x00007ff9949b7000 	C:\Program Files\Android\Android Studio\jbr\bin\jli.dll
0x00007ff9ad330000 - 0x00007ff9ad4de000 	C:\windows\System32\USER32.dll
0x00007ff9ace60000 - 0x00007ff9ace86000 	C:\windows\System32\win32u.dll
0x00007ff9aea70000 - 0x00007ff9aea99000 	C:\windows\System32\GDI32.dll
0x00007ff9acd40000 - 0x00007ff9ace58000 	C:\windows\System32\gdi32full.dll
0x00007ff9ad0c0000 - 0x00007ff9ad15a000 	C:\windows\System32\msvcp_win.dll
0x00007ff98bde0000 - 0x00007ff98bdfb000 	C:\Program Files\Android\Android Studio\jbr\bin\VCRUNTIME140.dll
0x00007ff9ab970000 - 0x00007ff9abc03000 	C:\windows\WinSxS\amd64_microsoft.windows.common-controls_6595b64144ccf1df_6.0.22621.2215_none_270d72677387dfc3\COMCTL32.dll
0x00007ff9aeaa0000 - 0x00007ff9aeb47000 	C:\windows\System32\msvcrt.dll
0x00007ff9adf80000 - 0x00007ff9adfb1000 	C:\windows\System32\IMM32.DLL
0x00007ff9903a0000 - 0x00007ff9903ac000 	C:\Program Files\Android\Android Studio\jbr\bin\vcruntime140_1.dll
0x00007ff979e40000 - 0x00007ff979ecd000 	C:\Program Files\Android\Android Studio\jbr\bin\msvcp140.dll
0x00007ff96c050000 - 0x00007ff96ccbe000 	C:\Program Files\Android\Android Studio\jbr\bin\server\jvm.dll
0x00007ff9ae8a0000 - 0x00007ff9ae950000 	C:\windows\System32\ADVAPI32.dll
0x00007ff9ae330000 - 0x00007ff9ae3d6000 	C:\windows\System32\sechost.dll
0x00007ff9ae950000 - 0x00007ff9aea67000 	C:\windows\System32\RPCRT4.dll
0x00007ff9abf70000 - 0x00007ff9abf79000 	C:\windows\SYSTEM32\WSOCK32.dll
0x00007ff9ae0f0000 - 0x00007ff9ae161000 	C:\windows\System32\WS2_32.dll
0x00007ff991f80000 - 0x00007ff991fb4000 	C:\windows\SYSTEM32\WINMM.dll
0x00007ff9a8cf0000 - 0x00007ff9a8cfa000 	C:\windows\SYSTEM32\VERSION.dll
0x00007ff9aa880000 - 0x00007ff9aa898000 	C:\windows\SYSTEM32\kernel.appcore.dll
0x00007ff9abf60000 - 0x00007ff9abf6a000 	C:\Program Files\Android\Android Studio\jbr\bin\jimage.dll
0x00007ff9ac010000 - 0x00007ff9ac23e000 	C:\windows\SYSTEM32\DBGHELP.DLL
0x00007ff9ae500000 - 0x00007ff9ae88a000 	C:\windows\System32\combase.dll
0x00007ff9aee30000 - 0x00007ff9aef07000 	C:\windows\System32\OLEAUT32.dll
0x00007ff9abed0000 - 0x00007ff9abf02000 	C:\windows\SYSTEM32\dbgcore.DLL
0x00007ff9acba0000 - 0x00007ff9acc1a000 	C:\windows\System32\bcryptPrimitives.dll
0x00007ff9a8860000 - 0x00007ff9a8885000 	C:\Program Files\Android\Android Studio\jbr\bin\java.dll
0x00007ff9a8830000 - 0x00007ff9a8848000 	C:\Program Files\Android\Android Studio\jbr\bin\zip.dll
0x00007ff9ad740000 - 0x00007ff9adf63000 	C:\windows\System32\SHELL32.dll
0x00007ff9a9730000 - 0x00007ff9aa01a000 	C:\windows\SYSTEM32\windows.storage.dll
0x00007ff9a9540000 - 0x00007ff9a967e000 	C:\windows\SYSTEM32\wintypes.dll
0x00007ff9aec30000 - 0x00007ff9aed23000 	C:\windows\System32\SHCORE.dll
0x00007ff9ae030000 - 0x00007ff9ae08e000 	C:\windows\System32\shlwapi.dll
0x00007ff9ac6b0000 - 0x00007ff9ac6d6000 	C:\windows\SYSTEM32\profapi.dll
0x00007ff997c00000 - 0x00007ff997c19000 	C:\Program Files\Android\Android Studio\jbr\bin\net.dll
0x00007ff9a51e0000 - 0x00007ff9a5317000 	C:\windows\SYSTEM32\WINHTTP.dll
0x00007ff9aae40000 - 0x00007ff9aaea9000 	C:\windows\system32\mswsock.dll
0x00007ff9977f0000 - 0x00007ff997806000 	C:\Program Files\Android\Android Studio\jbr\bin\nio.dll
0x00007ff9abf50000 - 0x00007ff9abf60000 	C:\Program Files\Android\Android Studio\jbr\bin\verify.dll
0x00007ff995750000 - 0x00007ff995777000 	C:\Users\sodel.oskar\.gradle\native\68d5fa5c4cc2d200863cafc0d521ce42e7d3e7ee720ec0a83991735586a16f82\windows-amd64\native-platform.dll
0x00007ff970fd0000 - 0x00007ff971114000 	C:\Users\sodel.oskar\.gradle\native\e376f236ea51e6404a007f0833ffe2c6e607c4080706a723a18a27aeea778392\windows-amd64\native-platform-file-events.dll
0x00007ff9abf20000 - 0x00007ff9abf29000 	C:\Program Files\Android\Android Studio\jbr\bin\management.dll
0x00007ff997bf0000 - 0x00007ff997bfb000 	C:\Program Files\Android\Android Studio\jbr\bin\management_ext.dll
0x00007ff9adf70000 - 0x00007ff9adf78000 	C:\windows\System32\PSAPI.DLL
0x00007ff9ac330000 - 0x00007ff9ac34b000 	C:\windows\SYSTEM32\CRYPTSP.dll
0x00007ff9aa840000 - 0x00007ff9aa875000 	C:\windows\system32\rsaenh.dll
0x00007ff9ab630000 - 0x00007ff9ab65c000 	C:\windows\SYSTEM32\USERENV.dll
0x00007ff9abfe0000 - 0x00007ff9ac008000 	C:\windows\SYSTEM32\bcrypt.dll
0x00007ff9ab790000 - 0x00007ff9ab79c000 	C:\windows\SYSTEM32\CRYPTBASE.dll
0x00007ff9aa140000 - 0x00007ff9aa16d000 	C:\windows\SYSTEM32\IPHLPAPI.DLL
0x00007ff9ae890000 - 0x00007ff9ae899000 	C:\windows\System32\NSI.dll
0x00007ff9a5430000 - 0x00007ff9a5449000 	C:\windows\SYSTEM32\dhcpcsvc6.DLL
0x00007ff9a5170000 - 0x00007ff9a518f000 	C:\windows\SYSTEM32\dhcpcsvc.DLL
0x00007ff9aa170000 - 0x00007ff9aa262000 	C:\windows\SYSTEM32\DNSAPI.dll
0x00007ff997980000 - 0x00007ff997988000 	C:\windows\system32\wshunix.dll
0x00007ff9a3850000 - 0x00007ff9a385a000 	C:\Windows\System32\rasadhlp.dll
0x00007ff9a5a30000 - 0x00007ff9a5ab4000 	C:\windows\System32\fwpuclnt.dll

dbghelp: loaded successfully - version: 4.0.5 - missing functions: none
symbol engine: initialized successfully - sym options: 0x614 - pdb path: .;C:\Program Files\Android\Android Studio\jbr\bin;C:\windows\SYSTEM32;C:\windows\WinSxS\amd64_microsoft.windows.common-controls_6595b64144ccf1df_6.0.22621.2215_none_270d72677387dfc3;C:\Program Files\Android\Android Studio\jbr\bin\server;C:\Users\sodel.oskar\.gradle\native\68d5fa5c4cc2d200863cafc0d521ce42e7d3e7ee720ec0a83991735586a16f82\windows-amd64;C:\Users\sodel.oskar\.gradle\native\e376f236ea51e6404a007f0833ffe2c6e607c4080706a723a18a27aeea778392\windows-amd64

VM Arguments:
jvm_args: --add-opens=java.base/java.util=ALL-UNNAMED --add-opens=java.base/java.lang=ALL-UNNAMED --add-opens=java.base/java.lang.invoke=ALL-UNNAMED --add-opens=java.prefs/java.util.prefs=ALL-UNNAMED --add-opens=java.base/java.nio.charset=ALL-UNNAMED --add-opens=java.base/java.net=ALL-UNNAMED --add-opens=java.base/java.util.concurrent.atomic=ALL-UNNAMED -Xmx2048m -Dfile.encoding=UTF-8 -Duser.country=PL -Duser.language=pl -Duser.variant 
java_command: org.gradle.launcher.daemon.bootstrap.GradleDaemon 8.0
java_class_path (initial): C:\Users\sodel.oskar\.gradle\wrapper\dists\gradle-8.0-bin\ca5e32bp14vu59qr306oxotwh\gradle-8.0\lib\gradle-launcher-8.0.jar
Launcher Type: SUN_STANDARD

[Global flags]
     intx CICompilerCount                          = 3                                         {product} {ergonomic}
     uint ConcGCThreads                            = 1                                         {product} {ergonomic}
     uint G1ConcRefinementThreads                  = 4                                         {product} {ergonomic}
   size_t G1HeapRegionSize                         = 1048576                                   {product} {ergonomic}
    uintx GCDrainStackTargetSize                   = 64                                        {product} {ergonomic}
   size_t InitialHeapSize                          = 132120576                                 {product} {ergonomic}
   size_t MarkStackSize                            = 4194304                                   {product} {ergonomic}
   size_t MaxHeapSize                              = 2147483648                                {product} {command line}
   size_t MaxNewSize                               = 1287651328                                {product} {ergonomic}
   size_t MinHeapDeltaBytes                        = 1048576                                   {product} {ergonomic}
   size_t MinHeapSize                              = 8388608                                   {product} {ergonomic}
    uintx NonNMethodCodeHeapSize                   = 5832780                                {pd product} {ergonomic}
    uintx NonProfiledCodeHeapSize                  = 122912730                              {pd product} {ergonomic}
    uintx ProfiledCodeHeapSize                     = 122912730                              {pd product} {ergonomic}
    uintx ReservedCodeCacheSize                    = 251658240                              {pd product} {ergonomic}
     bool SegmentedCodeCache                       = true                                      {product} {ergonomic}
   size_t SoftMaxHeapSize                          = 2147483648                             {manageable} {ergonomic}
     bool UseCompressedClassPointers               = true                           {product lp64_product} {ergonomic}
     bool UseCompressedOops                        = true                           {product lp64_product} {ergonomic}
     bool UseG1GC                                  = true                                      {product} {ergonomic}
     bool UseLargePagesIndividualAllocation        = false                                  {pd product} {ergonomic}

Logging:
Log output configuration:
 #0: stdout all=warning uptime,level,tags
 #1: stderr all=off uptime,level,tags

Environment Variables:
PATH=C:\windows\system32;C:\windows;C:\windows\System32\Wbem;C:\windows\System32\WindowsPowerShell\v1.0\;C:\windows\System32\OpenSSH\;C:\Program Files\Git\cmd;C:\Users\sodel.oskar\AppData\Local\Microsoft\WindowsApps;;C:\Users\sodel.oskar\AppData\Local\Programs\Microsoft VS Code\bin
USERNAME=sodel.oskar
OS=Windows_NT
PROCESSOR_IDENTIFIER=Intel64 Family 6 Model 37 Stepping 5, GenuineIntel
TMP=C:\Users\SODEL~1.OSK\AppData\Local\Temp
TEMP=C:\Users\SODEL~1.OSK\AppData\Local\Temp


JNI global refs:
JNI global refs: 28, weak refs: 5

JNI global refs memory usage: 843, weak refs: 841


---------------  S Y S T E M  ---------------

OS:
 Windows 11 , 64 bit Build 22621 (10.0.22621.2215)
OS uptime: 0 days 0:38 hours

CPU: total 4 (initial active 4) (2 cores per cpu, 2 threads per core) family 6 model 37 stepping 5 microcode 0x7, cx8, cmov, fxsr, ht, mmx, sse, sse2, sse3, ssse3, sse4.1, sse4.2, popcnt, tsc, tscinvbit, aes, clmul, clflush

Memory: 4k page, system-wide physical 7989M (675M free)
TotalPageFile size 13206M (AvailPageFile size 5607M)
current process WorkingSet (physical memory assigned to process): 457M, peak: 457M
current process commit charge ("private bytes"): 481M, peak: 486M

vm_info: OpenJDK 64-Bit Server VM (17.0.6+0-b2043.56-10027231) for windows-amd64 JRE (17.0.6+0-b2043.56-10027231), built on Apr 28 2023 00:43:19 by "androidbuild" with MS VC++ 16.10 / 16.11 (VS2019)

END.
